#
# There is insufficient memory for the Java Runtime Environment to continue.
# Native memory allocation (malloc) failed to allocate 2489296 bytes for Chunk::new
# Possible reasons:
#   The system is out of physical RAM or swap space
#   The process is running with CompressedOops enabled, and the Java Heap may be blocking the growth of the native heap
# Possible solutions:
#   Reduce memory load on the system
#   Increase physical memory or swap space
#   Check if swap backing store is full
#   Decrease Java heap size (-Xmx/-Xms)
#   Decrease number of Java threads
#   Decrease Java thread stack sizes (-Xss)
#   Set larger code cache with -XX:ReservedCodeCacheSize=
#   JVM is running with Unscaled Compressed Oops mode in which the Java heap is
#     placed in the first 4GB address space. The Java Heap base address is the
#     maximum limit for the native heap growth. Please use -XX:HeapBaseMinAddress
#     to set the Java Heap base and to place the Java Heap above 4GB virtual address.
# This output file may be truncated or incomplete.
#
#  Out of Memory Error (allocation.cpp:389), pid=1784, tid=0x000000000000102c
#
# JRE version: OpenJDK Runtime Environment (8.0_232-b09) (build 1.8.0_232-b09)
# Java VM: OpenJDK 64-Bit Server VM (25.232-b09 mixed mode windows-amd64 compressed oops)
# Failed to write core dump. Minidumps are not enabled by default on client versions of Windows
#

---------------  T H R E A D  ---------------

Current thread (0x00000000182e3000):  JavaThread "C2 CompilerThread0" daemon [_thread_in_native, id=4140, stack(0x00000000190a0000,0x00000000191a0000)]

Stack: [0x00000000190a0000,0x00000000191a0000]
[error occurred during error reporting (printing stack bounds), id 0xc0000005]

Native frames: (J=compiled Java code, j=interpreted, Vv=VM code, C=native code)


Current CompileTask:
C2:   1834 1522       4       java.net.URLClassLoader$1::run (5 bytes)


---------------  P R O C E S S  ---------------

Java Threads: ( => current thread )
  0x0000000018325000 JavaThread "Service Thread" daemon [_thread_blocked, id=5292, stack(0x00000000193a0000,0x00000000194a0000)]
  0x00000000182f8000 JavaThread "C1 CompilerThread2" daemon [_thread_blocked, id=6532, stack(0x00000000192a0000,0x00000000193a0000)]
  0x00000000182e7000 JavaThread "C2 CompilerThread1" daemon [_thread_in_native, id=5420, stack(0x00000000191a0000,0x00000000192a0000)]
=>0x00000000182e3000 JavaThread "C2 CompilerThread0" daemon [_thread_in_native, id=4140, stack(0x00000000190a0000,0x00000000191a0000)]
  0x00000000182f3800 JavaThread "Attach Listener" daemon [_thread_blocked, id=2592, stack(0x0000000018fa0000,0x00000000190a0000)]
  0x00000000182f2800 JavaThread "Signal Dispatcher" daemon [_thread_blocked, id=5784, stack(0x0000000018ea0000,0x0000000018fa0000)]
  0x000000001778a800 JavaThread "Finalizer" daemon [_thread_blocked, id=7792, stack(0x0000000018da0000,0x0000000018ea0000)]
  0x0000000017786800 JavaThread "Reference Handler" daemon [_thread_blocked, id=3012, stack(0x0000000018ca0000,0x0000000018da0000)]
  0x0000000002ab8000 JavaThread "main" [_thread_in_vm, id=2668, stack(0x00000000028d0000,0x00000000029d0000)]

Other Threads:
  0x0000000018271800 VMThread [stack: 0x0000000018ba0000,0x0000000018ca0000] [id=124]
  0x0000000018329000 WatcherThread [stack: 0x00000000194a0000,0x00000000195a0000] [id=7600]

VM state:not at safepoint (normal execution)

VM Mutex/Monitor currently owned by a thread: None

heap address: 0x0000000080a00000, size: 2038 MB, Compressed Oops mode: 32-bit
Narrow klass base: 0x0000000000000000, Narrow klass shift: 3
Compressed class space size: 1073741824 Address: 0x0000000100000000

Heap:
 PSYoungGen      total 38400K, used 24039K [0x00000000d5900000, 0x00000000d8380000, 0x0000000100000000)
  eden space 33280K, 56% used [0x00000000d5900000,0x00000000d6b7d3e0,0x00000000d7980000)
  from space 5120K, 99% used [0x00000000d7e80000,0x00000000d837c998,0x00000000d8380000)
  to   space 5120K, 0% used [0x00000000d7980000,0x00000000d7980000,0x00000000d7e80000)
 ParOldGen       total 87552K, used 2975K [0x0000000080a00000, 0x0000000085f80000, 0x00000000d5900000)
  object space 87552K, 3% used [0x0000000080a00000,0x0000000080ce7ea8,0x0000000085f80000)
 Metaspace       used 15385K, capacity 15660K, committed 15744K, reserved 1062912K
  class space    used 1786K, capacity 1881K, committed 1920K, reserved 1048576K

Card table byte_map: [0x0000000011f30000,0x0000000012330000] byte_map_base: 0x0000000011b2b000

Marking Bits: (ParMarkBitMap*) 0x000000006ae18170
 Begin Bits: [0x00000000129e0000, 0x00000000149b8000)
 End Bits:   [0x00000000149b8000, 0x0000000016990000)

Polling page: 0x0000000000cc0000

CodeCache: size=245760Kb used=5830Kb max_used=5842Kb free=239929Kb
 bounds [0x0000000002b70000, 0x0000000003130000, 0x0000000011b70000]
 total_blobs=2068 nmethods=1723 adapters=258
 compilation: enabled

Compilation events (250 events):
Event: 1.112 Thread 0x00000000182f8000 nmethod 1484 0x000000000306c310 code [0x000000000306c4a0, 0x000000000306c838]
Event: 1.112 Thread 0x00000000182f8000 1485       3       org.eclipse.sisu.inject.MildElements::add (66 bytes)
Event: 1.113 Thread 0x00000000182f8000 nmethod 1485 0x000000000306c990 code [0x000000000306cba0, 0x000000000306d818]
Event: 1.113 Thread 0x00000000182f8000 1486       3       org.eclipse.sisu.inject.MildElements::compact (21 bytes)
Event: 1.113 Thread 0x00000000182f8000 nmethod 1486 0x000000000306dd90 code [0x000000000306df20, 0x000000000306e4d8]
Event: 1.113 Thread 0x00000000182f8000 1487       3       org.eclipse.sisu.inject.MildElements$Weak::<init> (12 bytes)
Event: 1.113 Thread 0x00000000182f8000 nmethod 1487 0x000000000306e6d0 code [0x000000000306e840, 0x000000000306eb50]
Event: 1.113 Thread 0x00000000182f8000 1475       3       sun.reflect.ClassFileAssembler::setStack (25 bytes)
Event: 1.113 Thread 0x00000000182f8000 nmethod 1475 0x000000000306ec90 code [0x000000000306ede0, 0x000000000306ef70]
Event: 1.113 Thread 0x00000000182f8000 1488       3       org.eclipse.sisu.inject.LazyBeanEntry::<init> (81 bytes)
Event: 1.114 Thread 0x00000000182f8000 nmethod 1488 0x000000000306efd0 code [0x000000000306f1a0, 0x000000000306f9c8]
Event: 1.114 Thread 0x00000000182f8000 1497       3       com.google.inject.Scopes::isSingleton (106 bytes)
Event: 1.114 Thread 0x00000000182f8000 nmethod 1497 0x000000000306fcd0 code [0x000000000306ff00, 0x0000000003070fa8]
Event: 1.114 Thread 0x00000000182f8000 1489       3       org.eclipse.sisu.wire.BeanProviders::firstOf (35 bytes)
Event: 1.114 Thread 0x00000000182f8000 nmethod 1489 0x0000000003071450 code [0x0000000003071600, 0x0000000003071b98]
Event: 1.114 Thread 0x00000000182f8000 1491       3       org.eclipse.sisu.inject.QualifyingStrategy$1::qualifies (22 bytes)
Event: 1.115 Thread 0x00000000182f8000 nmethod 1491 0x0000000003071d10 code [0x0000000003071e80, 0x0000000003072128]
Event: 1.115 Thread 0x00000000182f8000 1490       3       org.eclipse.sisu.wire.BeanProviders$7::get (16 bytes)
Event: 1.115 Thread 0x00000000182f8000 nmethod 1490 0x0000000003072210 code [0x00000000030723e0, 0x0000000003072ba8]
Event: 1.115 Thread 0x00000000182f8000 1492   !   3       org.eclipse.sisu.inject.BeanCache::flush (53 bytes)
Event: 1.115 Thread 0x00000000182f8000 nmethod 1492 0x0000000003072dd0 code [0x0000000003072f60, 0x00000000030735c8]
Event: 1.115 Thread 0x00000000182f8000 1493       3       com.google.inject.internal.BindingImpl::getProvider (44 bytes)
Event: 1.115 Thread 0x00000000182f8000 nmethod 1493 0x0000000003073790 code [0x0000000003073920, 0x0000000003073cb8]
Event: 1.115 Thread 0x00000000182f8000 1494       3       org.eclipse.sisu.inject.LocatedBeans$Itr::next (5 bytes)
Event: 1.115 Thread 0x00000000182f8000 nmethod 1494 0x0000000003073e10 code [0x0000000003073fa0, 0x0000000003074398]
Event: 1.115 Thread 0x00000000182f8000 1496       3       org.eclipse.sisu.inject.LazyBeanEntry$JsrNamed::<init> (15 bytes)
Event: 1.115 Thread 0x00000000182f8000 nmethod 1496 0x0000000003074510 code [0x0000000003074680, 0x0000000003074928]
Event: 1.115 Thread 0x00000000182f8000 1495       3       org.eclipse.sisu.inject.LocatedBeans$Itr::next (32 bytes)
Event: 1.116 Thread 0x00000000182f8000 nmethod 1495 0x0000000003074a10 code [0x0000000003074b80, 0x0000000003074eb8]
Event: 1.116 Thread 0x00000000182f8000 1498       3       org.eclipse.sisu.inject.LazyBeanEntry::getValue (10 bytes)
Event: 1.116 Thread 0x00000000182f8000 nmethod 1498 0x0000000003074fd0 code [0x0000000003075140, 0x0000000003075368]
Event: 1.116 Thread 0x00000000182f8000 1474       3       sun.reflect.ClassFileAssembler::emitConstantPoolClass (23 bytes)
Event: 1.116 Thread 0x00000000182f8000 nmethod 1474 0x0000000003075410 code [0x00000000030755c0, 0x0000000003075a48]
Event: 1.116 Thread 0x00000000182f8000 1499       1       java.lang.reflect.AccessibleObject::isAccessible (5 bytes)
Event: 1.116 Thread 0x00000000182f8000 nmethod 1499 0x0000000003075d90 code [0x0000000003075ee0, 0x0000000003075ff0]
Event: 1.116 Thread 0x00000000182f8000 1500       3       com.google.inject.internal.ConstructorBindingImpl$Factory::get (65 bytes)
Event: 1.117 Thread 0x00000000182f8000 nmethod 1500 0x0000000003076050 code [0x0000000003076260, 0x0000000003076ef8]
Event: 1.117 Thread 0x00000000182f8000 1501   !   3       com.google.inject.internal.ConstructorInjector::construct (112 bytes)
Event: 1.117 Thread 0x00000000182f8000 nmethod 1501 0x00000000030774d0 code [0x00000000030776c0, 0x0000000003078458]
Event: 1.117 Thread 0x00000000182f8000 1502       3       com.google.inject.internal.ConstructorInjector$1::<init> (26 bytes)
Event: 1.117 Thread 0x00000000182f8000 nmethod 1502 0x0000000003078910 code [0x0000000003078a60, 0x0000000003078c70]
Event: 1.117 Thread 0x00000000182f8000 1503       3       com.google.inject.internal.ConstructorInjector$1::call (20 bytes)
Event: 1.117 Thread 0x00000000182f8000 nmethod 1503 0x0000000003078d50 code [0x0000000003078ec0, 0x00000000030790c8]
Event: 1.117 Thread 0x00000000182f8000 1504       1       sun.reflect.generics.repository.AbstractRepository::getTree (5 bytes)
Event: 1.117 Thread 0x00000000182f8000 nmethod 1504 0x00000000030791d0 code [0x0000000003079320, 0x0000000003079430]
Event: 1.117 Thread 0x00000000182f8000 1505       3       com.google.common.collect.LinkedHashMultimap$ValueEntry::matchesValue (25 bytes)
Event: 1.118 Thread 0x00000000182f8000 nmethod 1505 0x0000000003079490 code [0x0000000003079620, 0x0000000003079a88]
Event: 1.118 Thread 0x00000000182f8000 1506       1       com.google.inject.spi.InjectionPoint::getDeclaringType (5 bytes)
Event: 1.118 Thread 0x00000000182f8000 nmethod 1506 0x0000000003079b90 code [0x0000000003079ce0, 0x0000000003079df0]
Event: 1.118 Thread 0x00000000182f8000 1507       3       org.slf4j.impl.SimpleLogger::getStringProperty (15 bytes)
Event: 1.119 Thread 0x00000000182f8000 nmethod 1507 0x0000000003079e50 code [0x000000000307a020, 0x000000000307a618]
Event: 1.119 Thread 0x00000000182f8000 1508       3       com.google.inject.internal.Scoping$3::acceptVisitor (10 bytes)
Event: 1.119 Thread 0x00000000182f8000 nmethod 1508 0x000000000307a950 code [0x000000000307aae0, 0x000000000307ae50]
Event: 1.119 Thread 0x00000000182f8000 1509       3       com.google.inject.Scopes$2::visitScope (6 bytes)
Event: 1.120 Thread 0x00000000182f8000 nmethod 1509 0x000000000307afd0 code [0x000000000307b140, 0x000000000307b490]
Event: 1.120 Thread 0x00000000182f8000 1510       3       com.google.inject.Scopes$2::visitScope (16 bytes)
Event: 1.120 Thread 0x00000000182f8000 nmethod 1510 0x000000000307b590 code [0x000000000307b700, 0x000000000307b970]
Event: 1.120 Thread 0x00000000182f8000 1511   !   3       com.sun.proxy.$Proxy0::value (29 bytes)
Event: 1.120 Thread 0x00000000182f8000 nmethod 1511 0x000000000307ba10 code [0x000000000307bba0, 0x000000000307bfd8]
Event: 1.120 Thread 0x00000000182f8000 1512       1       com.google.inject.Key$AnnotationTypeStrategy::hasAttributes (2 bytes)
Event: 1.120 Thread 0x00000000182f8000 nmethod 1512 0x000000000307c190 code [0x000000000307c2e0, 0x000000000307c3f0]
Event: 1.120 Thread 0x00000000182f8000 1513       1       org.eclipse.sisu.inject.MildKeys$Weak::hashCode (5 bytes)
Event: 1.120 Thread 0x00000000182f8000 nmethod 1513 0x000000000307c450 code [0x000000000307c5a0, 0x000000000307c6b0]
Event: 1.120 Thread 0x00000000182f8000 1514       3       org.eclipse.sisu.plexus.RealmFilteredBeans$FilteredItr::hasNext (81 bytes)
Event: 1.121 Thread 0x00000000182f8000 nmethod 1514 0x000000000307c710 code [0x000000000307c940, 0x000000000307d738]
Event: 1.121 Thread 0x00000000182f8000 1515   !   3       com.google.inject.internal.FactoryProxy::get (50 bytes)
Event: 1.121 Thread 0x00000000182f8000 nmethod 1515 0x000000000307db90 code [0x000000000307dd60, 0x000000000307e7d8]
Event: 1.121 Thread 0x00000000182f8000 1516       3       org.eclipse.sisu.space.WildcardKey$QualifiedImpl::get (5 bytes)
Event: 1.121 Thread 0x00000000182f8000 nmethod 1516 0x000000000307ec90 code [0x000000000307ede0, 0x000000000307efd0]
Event: 1.121 Thread 0x00000000182f8000 1517   !   3       com.google.inject.internal.InjectorImpl::getBinding (45 bytes)
Event: 1.122 Thread 0x00000000182f8000 nmethod 1517 0x000000000307f050 code [0x000000000307f2a0, 0x00000000030800a8]
Event: 1.122 Thread 0x00000000182f8000 1518       3       org.eclipse.sisu.inject.Guice4$1::<init> (17 bytes)
Event: 1.122 Thread 0x00000000182f8000 nmethod 1518 0x0000000003080810 code [0x0000000003080980, 0x0000000003080b70]
Event: 1.122 Thread 0x00000000182f8000 1519   !   3       org.eclipse.sisu.inject.Guice4$1::get (50 bytes)
Event: 1.122 Thread 0x00000000182f8000 nmethod 1519 0x0000000003080c10 code [0x0000000003080d80, 0x00000000030811e8]
Event: 1.122 Thread 0x00000000182f8000 1520       3       java.lang.reflect.Field::setFieldAccessor (34 bytes)
Event: 1.122 Thread 0x00000000182f8000 nmethod 1520 0x0000000003081310 code [0x0000000003081480, 0x0000000003081808]
Event: 1.123 Thread 0x00000000182e7000 1521       4       java.lang.ReflectiveOperationException::<init> (7 bytes)
Event: 1.124 Thread 0x00000000182e3000 1522       4       java.net.URLClassLoader$1::run (5 bytes)
Event: 1.124 Thread 0x00000000182f8000 1524       3       org.eclipse.sisu.bean.BeanPropertyField::getType (11 bytes)
Event: 1.124 Thread 0x00000000182e7000 nmethod 1521 0x0000000003084890 code [0x00000000030849e0, 0x0000000003084d48]
Event: 1.124 Thread 0x00000000182e7000 1523       4       java.lang.Exception::<init> (7 bytes)
Event: 1.125 Thread 0x00000000182f8000 nmethod 1524 0x0000000003082950 code [0x0000000003082ba0, 0x0000000003083ad8]
Event: 1.125 Thread 0x00000000182f8000 1525       3       com.google.inject.internal.Annotations::isRetainedAtRuntime (33 bytes)
Event: 1.125 Thread 0x00000000182f8000 nmethod 1525 0x0000000003081950 code [0x0000000003081b40, 0x00000000030824d8]
Event: 1.125 Thread 0x00000000182f8000 1526       3       org.eclipse.sisu.inject.MildKeys$Weak::<init> (15 bytes)
Event: 1.125 Thread 0x00000000182f8000 nmethod 1526 0x0000000003084ed0 code [0x0000000003085060, 0x0000000003085448]
Event: 1.125 Thread 0x00000000182f8000 1527       3       org.eclipse.sisu.bean.BeanPropertyIterator::next (5 bytes)
Event: 1.126 Thread 0x00000000182f8000 nmethod 1527 0x00000000030855d0 code [0x0000000003085760, 0x0000000003085b58]
Event: 1.126 Thread 0x00000000182f8000 1528       3       org.eclipse.sisu.bean.BeanPropertyIterator::next (27 bytes)
Event: 1.126 Thread 0x00000000182f8000 nmethod 1528 0x0000000003085cd0 code [0x0000000003085e40, 0x0000000003086178]
Event: 1.126 Thread 0x00000000182f8000 1529       3       org.eclipse.sisu.inject.Sources::getAnnotation (38 bytes)
Event: 1.126 Thread 0x00000000182f8000 nmethod 1529 0x0000000003087790 code [0x0000000003087960, 0x0000000003088228]
Event: 1.126 Thread 0x00000000182f8000 1530   !   3       com.google.inject.internal.FailableCache$1::load (48 bytes)
Event: 1.126 Thread 0x00000000182e7000 nmethod 1523 0x0000000003089e90 code [0x0000000003089fe0, 0x000000000308a348]
Event: 1.126 Thread 0x00000000182f8000 nmethod 1530 0x0000000003086cd0 code [0x0000000003086e80, 0x0000000003087548]
Event: 1.127 Thread 0x00000000182f8000 1532       3       com.google.common.collect.LinkedHashMultimap$ValueSet::contains (42 bytes)
Event: 1.127 Thread 0x00000000182f8000 nmethod 1532 0x0000000003088f90 code [0x0000000003089160, 0x0000000003089ad8]
Event: 1.127 Thread 0x00000000182f8000 1531       3       com.google.common.collect.AbstractMapBasedMultimap$WrappedCollection::contains (15 bytes)
Event: 1.127 Thread 0x00000000182f8000 nmethod 1531 0x0000000003086790 code [0x0000000003086900, 0x0000000003086bd8]
Event: 1.127 Thread 0x00000000182f8000 1533       3       com.google.common.collect.LinkedHashMultimap$ValueEntry::setSuccessorInValueSet (6 bytes)
Event: 1.127 Thread 0x00000000182f8000 nmethod 1533 0x0000000003086450 code [0x00000000030865a0, 0x0000000003086710]
Event: 1.128 Thread 0x00000000182f8000 1534       3       java.util.Hashtable$Enumerator::hasMoreElements (53 bytes)
Event: 1.128 Thread 0x00000000182f8000 nmethod 1534 0x0000000003088a10 code [0x0000000003088b80, 0x0000000003088e50]
Event: 1.128 Thread 0x00000000182f8000 1535       3       java.util.Hashtable$Enumerator::nextElement (111 bytes)
Event: 1.128 Thread 0x00000000182f8000 nmethod 1535 0x000000000308a490 code [0x000000000308a620, 0x000000000308aa88]
Event: 1.133 Thread 0x00000000182f8000 1536       3       org.codehaus.plexus.util.xml.pull.MXParser::isWhitespace (116 bytes)
Event: 1.134 Thread 0x00000000182f8000 nmethod 1536 0x000000000308ac90 code [0x000000000308ae60, 0x000000000308b6a8]
Event: 1.140 Thread 0x00000000182f8000 1537       3       java.lang.String::codePointAt (36 bytes)
Event: 1.140 Thread 0x00000000182f8000 nmethod 1537 0x0000000003088450 code [0x00000000030885e0, 0x0000000003088898]
Event: 1.141 Thread 0x00000000182f8000 1539       3       java.util.regex.Pattern$Slice::match (79 bytes)
Event: 1.141 Thread 0x00000000182f8000 nmethod 1539 0x000000000308b950 code [0x000000000308bae0, 0x000000000308bf78]
Event: 1.141 Thread 0x00000000182f8000 1538       3       java.lang.Character::codePointAtImpl (41 bytes)
Event: 1.141 Thread 0x00000000182f8000 nmethod 1538 0x000000000308c150 code [0x000000000308c2e0, 0x000000000308c770]
Event: 1.144 Thread 0x00000000182f8000 1540       3       org.codehaus.plexus.util.xml.pull.MXParser::newString (11 bytes)
Event: 1.144 Thread 0x00000000182f8000 nmethod 1540 0x000000000308c950 code [0x000000000308cac0, 0x000000000308cca8]
Event: 1.147 Thread 0x00000000182f8000 1541       1       java.util.Hashtable$Entry::getKey (5 bytes)
Event: 1.147 Thread 0x00000000182f8000 nmethod 1541 0x000000000308cd90 code [0x000000000308cee0, 0x000000000308cff0]
Event: 1.147 Thread 0x00000000182f8000 1542       1       java.util.Hashtable$Entry::getValue (5 bytes)
Event: 1.147 Thread 0x00000000182f8000 nmethod 1542 0x000000000308d050 code [0x000000000308d1a0, 0x000000000308d2b0]
Event: 1.149 Thread 0x00000000182e7000 1543   !   4       java.util.concurrent.ConcurrentHashMap::putVal (362 bytes)
Event: 1.161 Thread 0x00000000182e7000 nmethod 1543 0x0000000003090e10 code [0x0000000003090fc0, 0x0000000003091c60]
Event: 1.161 Thread 0x00000000182f8000 1544       3       java.util.Hashtable$Enumerator::hasNext (5 bytes)
Event: 1.162 Thread 0x00000000182f8000 nmethod 1544 0x0000000003090a50 code [0x0000000003090bc0, 0x0000000003090d68]
Event: 1.162 Thread 0x00000000182f8000 1545       3       java.util.Hashtable$Enumerator::next (27 bytes)
Event: 1.162 Thread 0x00000000182f8000 nmethod 1545 0x0000000003090110 code [0x00000000030902a0, 0x0000000003090538]
Event: 1.170 Thread 0x00000000182e7000 1547   !   4       java.util.WeakHashMap::expungeStaleEntries (139 bytes)
Event: 1.172 Thread 0x00000000182f8000 1549       3       java.lang.Character::isSurrogate (18 bytes)
Event: 1.172 Thread 0x00000000182f8000 nmethod 1549 0x000000000308f990 code [0x000000000308fae0, 0x000000000308fcb0]
Event: 1.172 Thread 0x00000000182f8000 1548       3       java.util.regex.Pattern::isSupplementary (20 bytes)
Event: 1.173 Thread 0x00000000182f8000 nmethod 1548 0x000000000308f490 code [0x000000000308f600, 0x000000000308f8d0]
Event: 1.173 Thread 0x00000000182f8000 1550       3       java.util.regex.Pattern::peek (26 bytes)
Event: 1.173 Thread 0x00000000182f8000 nmethod 1550 0x000000000308ef50 code [0x000000000308f0c0, 0x000000000308f368]
Event: 1.177 Thread 0x00000000182e7000 nmethod 1547 0x0000000003094610 code [0x0000000003094780, 0x0000000003095118]
Event: 1.178 Thread 0x00000000182f8000 1551       3       java.util.regex.Pattern$BmpCharProperty::match (50 bytes)
Event: 1.178 Thread 0x00000000182f8000 nmethod 1551 0x000000000308e790 code [0x000000000308e920, 0x000000000308edc8]
Event: 1.188 Thread 0x00000000182f8000 1552       3       sun.nio.cs.UTF_8$Decoder::decodeArrayLoop (691 bytes)
Event: 1.192 Thread 0x00000000182f8000 nmethod 1552 0x0000000003095510 code [0x0000000003095e60, 0x000000000309c6a8]
Event: 1.192 Thread 0x00000000182f8000 1553       3       org.codehaus.plexus.util.xml.pull.MXParser::parseStartTag (1195 bytes)
Event: 1.197 Thread 0x00000000182f8000 nmethod 1553 0x00000000030a1410 code [0x00000000030a1dc0, 0x00000000030a8c18]
Event: 1.197 Thread 0x00000000182f8000 1555       1       org.codehaus.plexus.util.xml.pull.MXParser::getLineNumber (5 bytes)
Event: 1.197 Thread 0x00000000182f8000 nmethod 1555 0x000000000308e050 code [0x000000000308e1a0, 0x000000000308e2b0]
Event: 1.197 Thread 0x00000000182f8000 1556       1       org.codehaus.plexus.util.xml.pull.MXParser::getColumnNumber (5 bytes)
Event: 1.197 Thread 0x00000000182f8000 nmethod 1556 0x000000000308dd90 code [0x000000000308dee0, 0x000000000308dff0]
Event: 1.197 Thread 0x00000000182f8000 1554       3       java.util.HashSet::<init> (16 bytes)
Event: 1.197 Thread 0x00000000182f8000 nmethod 1554 0x000000000308d550 code [0x000000000308d6e0, 0x000000000308daf0]
Event: 1.197 Thread 0x00000000182f8000 1557       1       java.net.JarURLConnection::getJarFileURL (5 bytes)
Event: 1.197 Thread 0x00000000182f8000 nmethod 1557 0x0000000003094350 code [0x00000000030944a0, 0x00000000030945b0]
Event: 1.199 Thread 0x00000000182f8000 1558       3       org.apache.maven.model.io.xpp3.MavenXpp3Reader::checkFieldWithDuplicate (75 bytes)
Event: 1.199 Thread 0x00000000182e7000 1559   !   4       java.util.zip.ZipFile$ZipFileInputStream::close (110 bytes)
Event: 1.199 Thread 0x00000000182f8000 nmethod 1558 0x0000000003092d10 code [0x0000000003092f60, 0x0000000003093cd8]
Event: 1.200 Thread 0x00000000182f8000 1561       1       org.codehaus.plexus.util.xml.Xpp3Dom::getName (5 bytes)
Event: 1.200 Thread 0x00000000182f8000 nmethod 1561 0x0000000003092a50 code [0x0000000003092ba0, 0x0000000003092cb0]
Event: 1.203 Thread 0x00000000182f8000 1562       3       java.lang.reflect.AccessibleObject::setAccessible (21 bytes)
Event: 1.203 Thread 0x00000000182f8000 nmethod 1562 0x00000000030ad910 code [0x00000000030adaa0, 0x00000000030add98]
Event: 1.203 Thread 0x00000000182f8000 1563       3       java.lang.reflect.AccessibleObject::setAccessible0 (42 bytes)
Event: 1.204 Thread 0x00000000182f8000 nmethod 1563 0x00000000030ade90 code [0x00000000030ae020, 0x00000000030ae568]
Event: 1.204 Thread 0x00000000182f8000 1564       3       java.util.LinkedHashMap::entrySet (27 bytes)
Event: 1.204 Thread 0x00000000182f8000 nmethod 1564 0x00000000030ae6d0 code [0x00000000030ae860, 0x00000000030aec10]
Event: 1.204 Thread 0x00000000182f8000 1565       3       java.util.LinkedHashMap$LinkedEntrySet::iterator (12 bytes)
Event: 1.204 Thread 0x00000000182f8000 nmethod 1565 0x00000000030b2290 code [0x00000000030b2400, 0x00000000030b2710]
Event: 1.204 Thread 0x00000000182f8000 1566       3       java.util.LinkedHashMap$LinkedEntryIterator::<init> (11 bytes)
Event: 1.204 Thread 0x00000000182f8000 nmethod 1566 0x0000000003092550 code [0x00000000030926c0, 0x0000000003092930]
Event: 1.204 Thread 0x00000000182e7000 nmethod 1559 0x00000000030b2890 code [0x00000000030b2a20, 0x00000000030b32c8]
Event: 1.204 Thread 0x00000000182e7000 1560       4       org.codehaus.plexus.util.xml.pull.MXParser::nextImpl (1202 bytes)
Event: 1.212 Thread 0x00000000182f8000 1568       3       sun.reflect.ReflectionFactory::checkInitted (19 bytes)
Event: 1.212 Thread 0x00000000182f8000 nmethod 1568 0x00000000030b1b50 code [0x00000000030b1cc0, 0x00000000030b1f88]
Event: 1.216 Thread 0x00000000182f8000 1569       3       java.lang.Class$MethodArray::add (72 bytes)
Event: 1.217 Thread 0x00000000182f8000 nmethod 1569 0x00000000030b0dd0 code [0x00000000030b0f80, 0x00000000030b18b8]
Event: 1.217 Thread 0x00000000182f8000 1571       3       java.lang.Class$MethodArray::matchesNameAndDescriptor (42 bytes)
Event: 1.217 Thread 0x00000000182f8000 nmethod 1571 0x00000000030aff50 code [0x00000000030b0120, 0x00000000030b0b48]
Event: 1.217 Thread 0x00000000182f8000 1572       3       java.lang.reflect.Method::equals (69 bytes)
Event: 1.217 Thread 0x00000000182f8000 nmethod 1572 0x00000000030af310 code [0x00000000030af4a0, 0x00000000030afe08]
Event: 1.217 Thread 0x00000000182f8000 1573       3       java.lang.Class$MethodArray::addIfNotPresent (47 bytes)
Event: 1.218 Thread 0x00000000182f8000 nmethod 1573 0x00000000030b7010 code [0x00000000030b71a0, 0x00000000030b7598]
Event: 1.218 Thread 0x00000000182f8000 1570       3       java.lang.reflect.Method::isDefault (28 bytes)
Event: 1.218 Thread 0x00000000182e7000 nmethod 1560 0x00000000030b7750 code [0x00000000030b7980, 0x00000000030b8538]
Event: 1.218 Thread 0x00000000182e7000 1567       4       java.lang.String::lastIndexOf (13 bytes)
Event: 1.218 Thread 0x00000000182f8000 nmethod 1570 0x00000000030b6a10 code [0x00000000030b6b80, 0x00000000030b6f48]
Event: 1.219 Thread 0x00000000182f8000 1574       3       java.lang.Class$MethodArray::removeByNameAndDescriptor (42 bytes)
Event: 1.220 Thread 0x00000000182e7000 nmethod 1567 0x00000000030b3950 code [0x00000000030b3a80, 0x00000000030b3bd8]
Event: 1.220 Thread 0x00000000182e7000 1576       4       java.lang.reflect.Method::equals (69 bytes)
Event: 1.220 Thread 0x00000000182f8000 nmethod 1574 0x00000000030b63d0 code [0x00000000030b6560, 0x00000000030b6898]
Event: 1.220 Thread 0x00000000182f8000 1575       3       java.lang.Class$MethodArray::get (7 bytes)
Event: 1.220 Thread 0x00000000182f8000 nmethod 1575 0x00000000030aef50 code [0x00000000030af0a0, 0x00000000030af210]
Event: 1.220 Thread 0x00000000182f8000 1577       3       java.util.AbstractList$Itr::checkForComodification (23 bytes)
Event: 1.220 Thread 0x00000000182f8000 nmethod 1577 0x00000000030b5ed0 code [0x00000000030b6040, 0x00000000030b62a8]
Event: 1.220 Thread 0x00000000182f8000 1578   !   3       java.util.AbstractList$Itr::next (45 bytes)
Event: 1.221 Thread 0x00000000182f8000 nmethod 1578 0x00000000030b52d0 code [0x00000000030b54a0, 0x00000000030b5b78]
Event: 1.221 Thread 0x00000000182f8000 1579       1       java.lang.String::toString (2 bytes)
Event: 1.221 Thread 0x00000000182f8000 nmethod 1579 0x00000000030b5010 code [0x00000000030b5160, 0x00000000030b5270]
Event: 1.221 Thread 0x00000000182e7000 nmethod 1576 0x00000000030b4c90 code [0x00000000030b4de0, 0x00000000030b4ee8]
Event: 1.221 Thread 0x00000000182f8000 1580       3       java.lang.reflect.Field::getFieldAccessor (35 bytes)
Event: 1.221 Thread 0x00000000182f8000 nmethod 1580 0x00000000030b4850 code [0x00000000030b49c0, 0x00000000030b4c08]
Event: 1.221 Thread 0x00000000182f8000 1581       3       sun.reflect.UnsafeFieldAccessorImpl::ensureObj (23 bytes)
Event: 1.221 Thread 0x00000000182f8000 nmethod 1581 0x00000000030bb150 code [0x00000000030bb320, 0x00000000030bbc78]
Event: 1.222 Thread 0x00000000182f8000 1582       3       java.lang.reflect.Field::get (51 bytes)
Event: 1.222 Thread 0x00000000182f8000 nmethod 1582 0x00000000030b3e50 code [0x00000000030b4020, 0x00000000030b4648]
Event: 1.222 Thread 0x00000000182f8000 1583   !   3       org.apache.maven.model.interpolation.StringSearchModelInterpolator$InterpolateObjectAction$CacheField::interpolate (237 bytes)
Event: 1.224 Thread 0x00000000182f8000 nmethod 1583 0x00000000030bbf90 code [0x00000000030bc460, 0x00000000030bf5e8]
Event: 1.224 Thread 0x00000000182f8000 1585       3       sun.reflect.UnsafeObjectFieldAccessorImpl::get (17 bytes)
Event: 1.224 Thread 0x00000000182f8000 nmethod 1585 0x00000000030b9d50 code [0x00000000030b9f20, 0x00000000030ba978]
Event: 1.224 Thread 0x00000000182f8000 1584       3       org.apache.maven.model.interpolation.StringSearchModelInterpolator$InterpolateObjectAction$StringField::doInterpolate (44 bytes)
Event: 1.225 Thread 0x00000000182f8000 nmethod 1584 0x00000000030c1910 code [0x00000000030c1ac0, 0x00000000030c2198]
Event: 1.225 Thread 0x00000000182f8000 1587       1       org.apache.maven.model.interpolation.StringSearchModelInterpolator$InterpolateObjectAction$CacheItem::isArray (5 bytes)
Event: 1.225 Thread 0x00000000182f8000 nmethod 1587 0x00000000030b9a90 code [0x00000000030b9be0, 0x00000000030b9cf0]
Event: 1.225 Thread 0x00000000182f8000 1590       3       java.lang.String::replace (127 bytes)
Event: 1.225 Thread 0x00000000182f8000 nmethod 1590 0x00000000030c2490 code [0x00000000030c2640, 0x00000000030c2cf0]
Event: 1.225 Thread 0x00000000182f8000 1588       1       org.apache.maven.model.interpolation.StringSearchModelInterpolator$InterpolateObjectAction$CacheItem::access$000 (5 bytes)
Event: 1.226 Thread 0x00000000182f8000 nmethod 1588 0x00000000030b97d0 code [0x00000000030b9920, 0x00000000030b9a10]
Event: 1.226 Thread 0x00000000182f8000 1589       3       java.lang.String::contains (20 bytes)
Event: 1.226 Thread 0x00000000182f8000 nmethod 1589 0x00000000030c3090 code [0x00000000030c3220, 0x00000000030c36b8]
Event: 1.227 Thread 0x00000000182f8000 1591       3       java.util.regex.Pattern$Single::isSatisfiedBy (14 bytes)
Event: 1.227 Thread 0x00000000182f8000 nmethod 1591 0x00000000030b9450 code [0x00000000030b95a0, 0x00000000030b9750]
Event: 1.227 Thread 0x00000000182f8000 1592       3       java.util.regex.Pattern$Curly::match (86 bytes)
Event: 1.227 Thread 0x00000000182f8000 nmethod 1592 0x00000000030c38d0 code [0x00000000030c3a80, 0x00000000030c4078]
Event: 1.231 Thread 0x00000000182f8000 1593       1       com.google.inject.spi.TypeConverterBinding::getTypeMatcher (5 bytes)
Event: 1.231 Thread 0x00000000182f8000 nmethod 1593 0x00000000030c4210 code [0x00000000030c4360, 0x00000000030c4470]
Event: 1.231 Thread 0x00000000182f8000 1594       3       java.util.StringTokenizer::hasMoreTokens (29 bytes)
Event: 1.232 Thread 0x00000000182f8000 nmethod 1594 0x00000000030c44d0 code [0x00000000030c4640, 0x00000000030c4848]
Event: 1.232 Thread 0x00000000182f8000 1595       3       java.util.StringTokenizer::nextToken (92 bytes)
Event: 1.232 Thread 0x00000000182f8000 nmethod 1595 0x00000000030c48d0 code [0x00000000030c4a80, 0x00000000030c4eb8]
Event: 1.232 Thread 0x00000000182f8000 1596       1       org.codehaus.plexus.util.xml.Xpp3Dom::getValue (5 bytes)
Event: 1.232 Thread 0x00000000182f8000 nmethod 1596 0x00000000030c5050 code [0x00000000030c51a0, 0x00000000030c52b0]
Event: 1.232 Thread 0x00000000182f8000 1597       3       java.util.regex.Pattern$5::isSatisfiedBy (28 bytes)
Event: 1.232 Thread 0x00000000182f8000 nmethod 1597 0x00000000030c5310 code [0x00000000030c54a0, 0x00000000030c5838]
Event: 1.232 Thread 0x00000000182f8000 1600       3       java.util.regex.Pattern::inRange (16 bytes)
Event: 1.232 Thread 0x00000000182f8000 nmethod 1600 0x00000000030c5950 code [0x00000000030c5aa0, 0x00000000030c5c70]
Event: 1.232 Thread 0x00000000182f8000 1598       3       java.util.regex.Pattern$1::isSatisfiedBy (13 bytes)
Event: 1.233 Thread 0x00000000182f8000 nmethod 1598 0x00000000030c5cd0 code [0x00000000030c5e40, 0x00000000030c60f0]
Event: 1.233 Thread 0x00000000182f8000 1599       3       java.util.regex.Pattern::access$200 (7 bytes)
Event: 1.233 Thread 0x00000000182f8000 nmethod 1599 0x00000000030c61d0 code [0x00000000030c6340, 0x00000000030c6570]
Event: 1.233 Thread 0x00000000182f8000 1602       3       java.util.regex.Matcher::reset (83 bytes)
Event: 1.233 Thread 0x00000000182f8000 nmethod 1602 0x00000000030c6610 code [0x00000000030c67a0, 0x00000000030c6c48]
Event: 1.233 Thread 0x00000000182f8000 1604       3       java.util.Arrays::asList (9 bytes)
Event: 1.233 Thread 0x00000000182f8000 nmethod 1604 0x00000000030c6e10 code [0x00000000030c6fa0, 0x00000000030c7408]
Event: 1.233 Thread 0x00000000182f8000 1605       3       java.util.Arrays$ArrayList::<init> (16 bytes)
Event: 1.233 Thread 0x00000000182f8000 nmethod 1605 0x00000000030c7690 code [0x00000000030c7820, 0x00000000030c7c08]
Event: 1.233 Thread 0x00000000182f8000 1603       3       org.apache.maven.model.Dependency::getManagementKey (94 bytes)
Event: 1.234 Thread 0x00000000182f8000 nmethod 1603 0x00000000030c7dd0 code [0x00000000030c8060, 0x00000000030c9278]
Event: 1.234 Thread 0x00000000182f8000 1601       1       org.apache.maven.model.Dependency::getScope (5 bytes)
Event: 1.234 Thread 0x00000000182f8000 nmethod 1601 0x00000000030c9950 code [0x00000000030c9aa0, 0x00000000030c9bb0]
Event: 1.239 Thread 0x00000000182e7000 1606       4       java.lang.String::startsWith (7 bytes)
Event: 1.241 Thread 0x00000000182e7000 nmethod 1606 0x00000000030ccb90 code [0x00000000030ccce0, 0x00000000030cce78]
Event: 1.242 Thread 0x00000000182f8000 1607       1       com.google.common.collect.LinkedHashMultimap$ValueEntry::getSuccessorInValueSet (5 bytes)
Event: 1.242 Thread 0x00000000182f8000 nmethod 1607 0x00000000030cc8d0 code [0x00000000030cca20, 0x00000000030ccb30]
Event: 1.243 Thread 0x00000000182e7000 1608       4       java.util.jar.JarFile::maybeInstantiateVerifier (96 bytes)
Event: 1.249 Thread 0x00000000182e7000 nmethod 1608 0x00000000030caa50 code [0x00000000030cabe0, 0x00000000030cb038]
Event: 1.254 Thread 0x00000000182e7000 1609  s    4       java.lang.StringBuffer::append (13 bytes)
Event: 1.259 Thread 0x00000000182e7000 nmethod 1609 0x00000000030cde90 code [0x00000000030cdfe0, 0x00000000030ce698]

GC Heap History (4 events):
Event: 0.596 GC heap before
{Heap before GC invocations=1 (full 0):
 PSYoungGen      total 38400K, used 33280K [0x00000000d5900000, 0x00000000d8380000, 0x0000000100000000)
  eden space 33280K, 100% used [0x00000000d5900000,0x00000000d7980000,0x00000000d7980000)
  from space 5120K, 0% used [0x00000000d7e80000,0x00000000d7e80000,0x00000000d8380000)
  to   space 5120K, 0% used [0x00000000d7980000,0x00000000d7980000,0x00000000d7e80000)
 ParOldGen       total 87552K, used 0K [0x0000000080a00000, 0x0000000085f80000, 0x00000000d5900000)
  object space 87552K, 0% used [0x0000000080a00000,0x0000000080a00000,0x0000000085f80000)
 Metaspace       used 8570K, capacity 8776K, committed 9088K, reserved 1056768K
  class space    used 979K, capacity 1052K, committed 1152K, reserved 1048576K
Event: 0.601 GC heap after
Heap after GC invocations=1 (full 0):
 PSYoungGen      total 38400K, used 5090K [0x00000000d5900000, 0x00000000d8380000, 0x0000000100000000)
  eden space 33280K, 0% used [0x00000000d5900000,0x00000000d5900000,0x00000000d7980000)
  from space 5120K, 99% used [0x00000000d7980000,0x00000000d7e78b10,0x00000000d7e80000)
  to   space 5120K, 0% used [0x00000000d7e80000,0x00000000d7e80000,0x00000000d8380000)
 ParOldGen       total 87552K, used 202K [0x0000000080a00000, 0x0000000085f80000, 0x00000000d5900000)
  object space 87552K, 0% used [0x0000000080a00000,0x0000000080a32b58,0x0000000085f80000)
 Metaspace       used 8570K, capacity 8776K, committed 9088K, reserved 1056768K
  class space    used 979K, capacity 1052K, committed 1152K, reserved 1048576K
}
Event: 0.979 GC heap before
{Heap before GC invocations=2 (full 0):
 PSYoungGen      total 38400K, used 38370K [0x00000000d5900000, 0x00000000d8380000, 0x0000000100000000)
  eden space 33280K, 100% used [0x00000000d5900000,0x00000000d7980000,0x00000000d7980000)
  from space 5120K, 99% used [0x00000000d7980000,0x00000000d7e78b10,0x00000000d7e80000)
  to   space 5120K, 0% used [0x00000000d7e80000,0x00000000d7e80000,0x00000000d8380000)
 ParOldGen       total 87552K, used 202K [0x0000000080a00000, 0x0000000085f80000, 0x00000000d5900000)
  object space 87552K, 0% used [0x0000000080a00000,0x0000000080a32b58,0x0000000085f80000)
 Metaspace       used 12640K, capacity 12904K, committed 13184K, reserved 1060864K
  class space    used 1512K, capacity 1611K, committed 1664K, reserved 1048576K
Event: 0.987 GC heap after
Heap after GC invocations=2 (full 0):
 PSYoungGen      total 38400K, used 5106K [0x00000000d5900000, 0x00000000d8380000, 0x0000000100000000)
  eden space 33280K, 0% used [0x00000000d5900000,0x00000000d5900000,0x00000000d7980000)
  from space 5120K, 99% used [0x00000000d7e80000,0x00000000d837c998,0x00000000d8380000)
  to   space 5120K, 0% used [0x00000000d7980000,0x00000000d7980000,0x00000000d7e80000)
 ParOldGen       total 87552K, used 2975K [0x0000000080a00000, 0x0000000085f80000, 0x00000000d5900000)
  object space 87552K, 3% used [0x0000000080a00000,0x0000000080ce7ea8,0x0000000085f80000)
 Metaspace       used 12640K, capacity 12904K, committed 13184K, reserved 1060864K
  class space    used 1512K, capacity 1611K, committed 1664K, reserved 1048576K
}

Deoptimization events (8 events):
Event: 0.449 Thread 0x0000000002ab8000 Uncommon trap: reason=range_check action=make_not_entrant pc=0x0000000002dce260 method=sun.reflect.generics.parser.SignatureParser.current()C @ 34
Event: 0.457 Thread 0x0000000002ab8000 Uncommon trap: reason=unstable_if action=reinterpret pc=0x0000000002d35ce4 method=org.codehaus.plexus.util.xml.pull.MXParser.more()C @ 8
Event: 0.523 Thread 0x0000000002ab8000 Uncommon trap: reason=unstable_if action=reinterpret pc=0x0000000002e248b0 method=org.codehaus.plexus.util.xml.pull.MXParser.nextImpl()I @ 241
Event: 0.536 Thread 0x0000000002ab8000 Uncommon trap: reason=unstable_if action=reinterpret pc=0x0000000002e2c7f4 method=org.codehaus.plexus.util.xml.pull.MXParser.isWhitespace()Z @ 20
Event: 0.974 Thread 0x0000000002ab8000 Uncommon trap: reason=unstable_if action=reinterpret pc=0x0000000002ecd62c method=java.util.concurrent.ConcurrentHashMap.putVal(Ljava/lang/Object;Ljava/lang/Object;Z)Ljava/lang/Object; @ 206
Event: 1.133 Thread 0x0000000002ab8000 Uncommon trap: reason=unstable_if action=reinterpret pc=0x0000000002e7a640 method=org.codehaus.plexus.util.xml.pull.MXParser.parseStartTag()I @ 443
Event: 1.188 Thread 0x0000000002ab8000 Uncommon trap: reason=unstable_if action=reinterpret pc=0x0000000002dedcbc method=sun.nio.cs.UTF_8$Decoder.decodeArrayLoop(Ljava/nio/ByteBuffer;Ljava/nio/CharBuffer;)Ljava/nio/charset/CoderResult; @ 84
Event: 1.220 Thread 0x0000000002ab8000 Uncommon trap: reason=unstable_if action=reinterpret pc=0x0000000002d3f134 method=java.lang.String.replace(CC)Ljava/lang/String; @ 2

Classes redefined (0 events):
No events

Internal exceptions (41 events):
Event: 0.027 Thread 0x0000000002ab8000 Exception <a 'java/lang/NoSuchMethodError': Method sun.misc.Unsafe.defineClass(Ljava/lang/String;[BII)Ljava/lang/Class; name or signature does not match> (0x00000000d5907cb8) thrown at [D:\a\1\s\lookaside\java-1.8.0-openjdk\hotspot\src\share\vm\prims\jni.
Event: 0.027 Thread 0x0000000002ab8000 Exception <a 'java/lang/NoSuchMethodError': Method sun.misc.Unsafe.prefetchRead(Ljava/lang/Object;J)V name or signature does not match> (0x00000000d5907fa0) thrown at [D:\a\1\s\lookaside\java-1.8.0-openjdk\hotspot\src\share\vm\prims\jni.cpp, line 4014]
Event: 0.177 Thread 0x0000000002ab8000 Exception <a 'java/security/PrivilegedActionException'> (0x00000000d5cc5c18) thrown at [D:\a\1\s\lookaside\java-1.8.0-openjdk\hotspot\src\share\vm\prims\jvm.cpp, line 1501]
Event: 0.177 Thread 0x0000000002ab8000 Exception <a 'java/security/PrivilegedActionException'> (0x00000000d5cc6010) thrown at [D:\a\1\s\lookaside\java-1.8.0-openjdk\hotspot\src\share\vm\prims\jvm.cpp, line 1501]
Event: 0.178 Thread 0x0000000002ab8000 Exception <a 'java/security/PrivilegedActionException'> (0x00000000d5cca330) thrown at [D:\a\1\s\lookaside\java-1.8.0-openjdk\hotspot\src\share\vm\prims\jvm.cpp, line 1501]
Event: 0.178 Thread 0x0000000002ab8000 Exception <a 'java/security/PrivilegedActionException'> (0x00000000d5cca728) thrown at [D:\a\1\s\lookaside\java-1.8.0-openjdk\hotspot\src\share\vm\prims\jvm.cpp, line 1501]
Event: 0.178 Thread 0x0000000002ab8000 Exception <a 'java/security/PrivilegedActionException'> (0x00000000d5ccbfd0) thrown at [D:\a\1\s\lookaside\java-1.8.0-openjdk\hotspot\src\share\vm\prims\jvm.cpp, line 1501]
Event: 0.178 Thread 0x0000000002ab8000 Exception <a 'java/security/PrivilegedActionException'> (0x00000000d5ccc3c8) thrown at [D:\a\1\s\lookaside\java-1.8.0-openjdk\hotspot\src\share\vm\prims\jvm.cpp, line 1501]
Event: 0.438 Thread 0x0000000002ab8000 Exception <a 'java/lang/ArrayIndexOutOfBoundsException'> (0x00000000d69fa910) thrown at [D:\a\1\s\lookaside\java-1.8.0-openjdk\hotspot\src\share\vm\runtime\sharedRuntime.cpp, line 615]
Event: 0.439 Thread 0x0000000002ab8000 Exception <a 'java/lang/ArrayIndexOutOfBoundsException'> (0x00000000d6a04558) thrown at [D:\a\1\s\lookaside\java-1.8.0-openjdk\hotspot\src\share\vm\runtime\sharedRuntime.cpp, line 615]
Event: 0.444 Thread 0x0000000002ab8000 Exception <a 'java/lang/ArrayIndexOutOfBoundsException'> (0x00000000d6a5cd30) thrown at [D:\a\1\s\lookaside\java-1.8.0-openjdk\hotspot\src\share\vm\runtime\sharedRuntime.cpp, line 615]
Event: 0.446 Thread 0x0000000002ab8000 Exception <a 'java/lang/ArrayIndexOutOfBoundsException'> (0x00000000d6a69428) thrown at [D:\a\1\s\lookaside\java-1.8.0-openjdk\hotspot\src\share\vm\runtime\sharedRuntime.cpp, line 615]
Event: 0.446 Thread 0x0000000002ab8000 Exception <a 'java/lang/ArrayIndexOutOfBoundsException'> (0x00000000d6a6a440) thrown at [D:\a\1\s\lookaside\java-1.8.0-openjdk\hotspot\src\share\vm\runtime\sharedRuntime.cpp, line 615]
Event: 0.447 Thread 0x0000000002ab8000 Exception <a 'java/lang/ArrayIndexOutOfBoundsException'> (0x00000000d6a73040) thrown at [D:\a\1\s\lookaside\java-1.8.0-openjdk\hotspot\src\share\vm\runtime\sharedRuntime.cpp, line 615]
Event: 0.447 Thread 0x0000000002ab8000 Exception <a 'java/lang/ArrayIndexOutOfBoundsException'> (0x00000000d6a74d58) thrown at [D:\a\1\s\lookaside\java-1.8.0-openjdk\hotspot\src\share\vm\runtime\sharedRuntime.cpp, line 615]
Event: 0.447 Thread 0x0000000002ab8000 Exception <a 'java/lang/ArrayIndexOutOfBoundsException'> (0x00000000d6a76530) thrown at [D:\a\1\s\lookaside\java-1.8.0-openjdk\hotspot\src\share\vm\runtime\sharedRuntime.cpp, line 615]
Event: 0.447 Thread 0x0000000002ab8000 Exception <a 'java/lang/ArrayIndexOutOfBoundsException'> (0x00000000d6a77308) thrown at [D:\a\1\s\lookaside\java-1.8.0-openjdk\hotspot\src\share\vm\runtime\sharedRuntime.cpp, line 615]
Event: 0.447 Thread 0x0000000002ab8000 Exception <a 'java/lang/ArrayIndexOutOfBoundsException'> (0x00000000d6a79050) thrown at [D:\a\1\s\lookaside\java-1.8.0-openjdk\hotspot\src\share\vm\runtime\sharedRuntime.cpp, line 615]
Event: 0.448 Thread 0x0000000002ab8000 Exception <a 'java/lang/ArrayIndexOutOfBoundsException'> (0x00000000d6a79e90) thrown at [D:\a\1\s\lookaside\java-1.8.0-openjdk\hotspot\src\share\vm\runtime\sharedRuntime.cpp, line 615]
Event: 0.448 Thread 0x0000000002ab8000 Exception <a 'java/lang/ArrayIndexOutOfBoundsException'> (0x00000000d6a81f20) thrown at [D:\a\1\s\lookaside\java-1.8.0-openjdk\hotspot\src\share\vm\runtime\sharedRuntime.cpp, line 615]
Event: 0.448 Thread 0x0000000002ab8000 Exception <a 'java/lang/ArrayIndexOutOfBoundsException'> (0x00000000d6a83d78) thrown at [D:\a\1\s\lookaside\java-1.8.0-openjdk\hotspot\src\share\vm\runtime\sharedRuntime.cpp, line 615]
Event: 0.448 Thread 0x0000000002ab8000 Exception <a 'java/lang/ArrayIndexOutOfBoundsException'> (0x00000000d6a852d0) thrown at [D:\a\1\s\lookaside\java-1.8.0-openjdk\hotspot\src\share\vm\runtime\sharedRuntime.cpp, line 615]
Event: 0.449 Thread 0x0000000002ab8000 Exception <a 'java/lang/ArrayIndexOutOfBoundsException'> (0x00000000d6a869b0) thrown at [D:\a\1\s\lookaside\java-1.8.0-openjdk\hotspot\src\share\vm\runtime\sharedRuntime.cpp, line 615]
Event: 0.449 Thread 0x0000000002ab8000 Exception <a 'java/lang/ArrayIndexOutOfBoundsException'> (0x00000000d6a88738) thrown at [D:\a\1\s\lookaside\java-1.8.0-openjdk\hotspot\src\share\vm\runtime\sharedRuntime.cpp, line 615]
Event: 0.449 Thread 0x0000000002ab8000 Exception <a 'java/lang/ArrayIndexOutOfBoundsException'> (0x00000000d6a89bc0) thrown at [D:\a\1\s\lookaside\java-1.8.0-openjdk\hotspot\src\share\vm\runtime\sharedRuntime.cpp, line 615]
Event: 0.449 Thread 0x0000000002ab8000 Exception <a 'java/lang/ArrayIndexOutOfBoundsException'> (0x00000000d6a8ae78) thrown at [D:\a\1\s\lookaside\java-1.8.0-openjdk\hotspot\src\share\vm\runtime\sharedRuntime.cpp, line 615]
Event: 0.449 Thread 0x0000000002ab8000 Exception <a 'java/lang/ArrayIndexOutOfBoundsException'> (0x00000000d6a8bce8) thrown at [D:\a\1\s\lookaside\java-1.8.0-openjdk\hotspot\src\share\vm\runtime\sharedRuntime.cpp, line 615]
Event: 0.449 Thread 0x0000000002ab8000 Exception <a 'java/lang/ArrayIndexOutOfBoundsException'> (0x00000000d6a8d398) thrown at [D:\a\1\s\lookaside\java-1.8.0-openjdk\hotspot\src\share\vm\runtime\sharedRuntime.cpp, line 615]
Event: 0.449 Thread 0x0000000002ab8000 Exception <a 'java/lang/ArrayIndexOutOfBoundsException'> (0x00000000d6a8ead8) thrown at [D:\a\1\s\lookaside\java-1.8.0-openjdk\hotspot\src\share\vm\runtime\sharedRuntime.cpp, line 615]
Event: 0.449 Thread 0x0000000002ab8000 Exception <a 'java/lang/ArrayIndexOutOfBoundsException': 24> (0x00000000d6a8f820) thrown at [D:\a\1\s\lookaside\java-1.8.0-openjdk\hotspot\src\share\vm\interpreter\interpreterRuntime.cpp, line 371]
Event: 0.543 Thread 0x0000000002ab8000 Exception <a 'java/lang/ArrayIndexOutOfBoundsException'> (0x00000000d776eeb8) thrown at [D:\a\1\s\lookaside\java-1.8.0-openjdk\hotspot\src\share\vm\runtime\sharedRuntime.cpp, line 615]
Event: 0.543 Thread 0x0000000002ab8000 Exception <a 'java/lang/ArrayIndexOutOfBoundsException'> (0x00000000d7770860) thrown at [D:\a\1\s\lookaside\java-1.8.0-openjdk\hotspot\src\share\vm\runtime\sharedRuntime.cpp, line 615]
Event: 1.000 Thread 0x0000000002ab8000 Exception <a 'java/lang/NoClassDefFoundError': com/google/inject/servlet/ServletModuleTargetVisitor> (0x00000000d59e6bb0) thrown at [D:\a\1\s\lookaside\java-1.8.0-openjdk\hotspot\src\share\vm\classfile\systemDictionary.cpp, line 199]
Event: 1.001 Thread 0x0000000002ab8000 Exception <a 'java/lang/NoClassDefFoundError'> (0x00000000d59e6bb0) thrown at [D:\a\1\s\lookaside\java-1.8.0-openjdk\hotspot\src\share\vm\prims\jvm.cpp, line 1505]
Event: 1.001 Thread 0x0000000002ab8000 Exception <a 'java/lang/NoClassDefFoundError': javax/annotation/Priority> (0x00000000d59eb550) thrown at [D:\a\1\s\lookaside\java-1.8.0-openjdk\hotspot\src\share\vm\classfile\systemDictionary.cpp, line 199]
Event: 1.165 Thread 0x0000000002ab8000 Exception <a 'java/lang/NullPointerException'> (0x00000000d6269c80) thrown at [D:\a\1\s\lookaside\java-1.8.0-openjdk\hotspot\src\share\vm\interpreter\linkResolver.cpp, line 1185]
Event: 1.165 Thread 0x0000000002ab8000 Exception <a 'java/lang/NullPointerException'> (0x00000000d6269e98) thrown at [D:\a\1\s\lookaside\java-1.8.0-openjdk\hotspot\src\share\vm\interpreter\linkResolver.cpp, line 1185]
Event: 1.165 Thread 0x0000000002ab8000 Exception <a 'java/lang/NullPointerException'> (0x00000000d626a0b0) thrown at [D:\a\1\s\lookaside\java-1.8.0-openjdk\hotspot\src\share\vm\interpreter\linkResolver.cpp, line 1185]
Event: 1.166 Thread 0x0000000002ab8000 Exception <a 'java/lang/NullPointerException'> (0x00000000d627a4c0) thrown at [D:\a\1\s\lookaside\java-1.8.0-openjdk\hotspot\src\share\vm\interpreter\linkResolver.cpp, line 1185]
Event: 1.166 Thread 0x0000000002ab8000 Exception <a 'java/lang/NullPointerException'> (0x00000000d627a6d8) thrown at [D:\a\1\s\lookaside\java-1.8.0-openjdk\hotspot\src\share\vm\interpreter\linkResolver.cpp, line 1185]
Event: 1.166 Thread 0x0000000002ab8000 Exception <a 'java/lang/NullPointerException'> (0x00000000d627a8f0) thrown at [D:\a\1\s\lookaside\java-1.8.0-openjdk\hotspot\src\share\vm\interpreter\linkResolver.cpp, line 1185]

Events (250 events):
Event: 1.178 loading class org/apache/maven/model/building/DefaultModelBuildingRequest
Event: 1.178 loading class org/apache/maven/model/building/DefaultModelBuildingRequest done
Event: 1.179 loading class org/apache/maven/project/ProjectModelResolver
Event: 1.179 loading class org/apache/maven/project/ProjectModelResolver done
Event: 1.180 loading class org/apache/maven/project/ReactorModelCache
Event: 1.180 loading class org/apache/maven/project/ReactorModelCache done
Event: 1.180 loading class org/apache/maven/project/DefaultModelBuildingListener
Event: 1.180 loading class org/apache/maven/project/DefaultModelBuildingListener done
Event: 1.181 loading class org/apache/maven/model/building/AbstractModelBuildingListener
Event: 1.181 loading class org/apache/maven/model/building/AbstractModelBuildingListener done
Event: 1.181 loading class org/apache/maven/model/building/DefaultModelBuildingResult
Event: 1.181 loading class org/apache/maven/model/building/DefaultModelBuildingResult done
Event: 1.182 loading class java/util/RegularEnumSet
Event: 1.182 loading class java/util/RegularEnumSet done
Event: 1.182 Executing VM operation: Deoptimize
Event: 1.182 Executing VM operation: Deoptimize done
Event: 1.182 loading class org/apache/maven/model/building/FileModelSource
Event: 1.182 loading class org/apache/maven/model/building/FileModelSource done
Event: 1.182 loading class org/apache/maven/model/building/ModelSource2
Event: 1.182 loading class org/apache/maven/model/building/ModelSource2 done
Event: 1.183 loading class org/apache/maven/model/io/xpp3/MavenXpp3ReaderEx
Event: 1.183 loading class org/apache/maven/model/io/xpp3/MavenXpp3ReaderEx done
Event: 1.184 loading class org/apache/maven/model/io/xpp3/MavenXpp3ReaderEx$ContentTransformer
Event: 1.184 loading class org/apache/maven/model/io/xpp3/MavenXpp3ReaderEx$ContentTransformer done
Event: 1.188 loading class org/apache/maven/model/io/xpp3/MavenXpp3ReaderEx$1
Event: 1.188 loading class org/apache/maven/model/io/xpp3/MavenXpp3ReaderEx$1 done
Event: 1.188 Thread 0x0000000002ab8000 Uncommon trap: trap_request=0xffffff65 fr.pc=0x0000000002dedcbc
Event: 1.188 Thread 0x0000000002ab8000 DEOPT PACKING pc=0x0000000002dedcbc sp=0x00000000029cd850
Event: 1.188 Thread 0x0000000002ab8000 DEOPT UNPACKING pc=0x0000000002bb807b sp=0x00000000029cd798 mode 2
Event: 1.190 loading class org/apache/maven/model/building/ModelProblemUtils
Event: 1.190 loading class org/apache/maven/model/building/ModelProblemUtils done
Event: 1.191 loading class org/apache/maven/model/building/ModelProblemCollectorRequest
Event: 1.191 loading class org/apache/maven/model/building/ModelProblemCollectorRequest done
Event: 1.192 loading class org/apache/maven/model/building/DefaultModelProblem
Event: 1.192 loading class org/apache/maven/model/building/DefaultModelProblem done
Event: 1.193 loading class org/apache/maven/model/io/xpp3/MavenXpp3Reader
Event: 1.193 loading class org/apache/maven/model/io/xpp3/MavenXpp3Reader done
Event: 1.195 loading class org/apache/maven/model/io/xpp3/MavenXpp3Reader$ContentTransformer
Event: 1.195 loading class org/apache/maven/model/io/xpp3/MavenXpp3Reader$ContentTransformer done
Event: 1.197 loading class org/apache/maven/model/io/xpp3/MavenXpp3Reader$1
Event: 1.197 loading class org/apache/maven/model/io/xpp3/MavenXpp3Reader$1 done
Event: 1.199 loading class org/apache/maven/model/ActivationProperty
Event: 1.199 loading class org/apache/maven/model/ActivationProperty done
Event: 1.200 loading class java/util/Collections$EmptyEnumeration
Event: 1.200 loading class java/util/Collections$EmptyEnumeration done
Event: 1.200 loading class org/apache/maven/model/profile/activation/PropertyProfileActivator
Event: 1.200 loading class org/apache/maven/model/profile/activation/PropertyProfileActivator done
Event: 1.201 loading class org/apache/maven/model/profile/activation/PropertyProfileActivator
Event: 1.201 loading class org/apache/maven/model/profile/activation/PropertyProfileActivator done
Event: 1.201 loading class org/apache/maven/model/profile/activation/OperatingSystemProfileActivator
Event: 1.201 loading class org/apache/maven/model/profile/activation/OperatingSystemProfileActivator done
Event: 1.201 loading class org/apache/maven/model/profile/activation/OperatingSystemProfileActivator
Event: 1.201 loading class org/apache/maven/model/profile/activation/OperatingSystemProfileActivator done
Event: 1.201 loading class org/apache/maven/model/profile/activation/JdkVersionProfileActivator
Event: 1.201 loading class org/apache/maven/model/profile/activation/JdkVersionProfileActivator done
Event: 1.201 loading class org/apache/maven/model/profile/activation/JdkVersionProfileActivator
Event: 1.201 loading class org/apache/maven/model/profile/activation/JdkVersionProfileActivator done
Event: 1.201 loading class org/apache/maven/model/profile/activation/FileProfileActivator
Event: 1.201 loading class org/apache/maven/model/profile/activation/FileProfileActivator done
Event: 1.201 loading class org/apache/maven/model/profile/activation/FileProfileActivator
Event: 1.201 loading class org/apache/maven/model/profile/activation/FileProfileActivator done
Event: 1.201 loading class org/apache/maven/model/profile/activation/PropertyProfileActivator
Event: 1.201 loading class org/apache/maven/model/profile/activation/PropertyProfileActivator done
Event: 1.202 loading class org/apache/maven/model/profile/activation/OperatingSystemProfileActivator
Event: 1.202 loading class org/apache/maven/model/profile/activation/OperatingSystemProfileActivator done
Event: 1.202 loading class org/apache/maven/model/profile/activation/JdkVersionProfileActivator
Event: 1.202 loading class org/apache/maven/model/profile/activation/JdkVersionProfileActivator done
Event: 1.203 loading class org/apache/maven/model/profile/activation/FileProfileActivator
Event: 1.203 loading class org/apache/maven/model/profile/activation/FileProfileActivator done
Event: 1.203 loading class org/apache/maven/model/path/PathTranslator
Event: 1.203 loading class org/apache/maven/model/path/PathTranslator done
Event: 1.204 loading class org/codehaus/plexus/interpolation/PrefixedObjectValueSource
Event: 1.204 loading class org/codehaus/plexus/interpolation/PrefixedObjectValueSource done
Event: 1.204 loading class org/codehaus/plexus/interpolation/QueryEnabledValueSource
Event: 1.204 loading class org/codehaus/plexus/interpolation/QueryEnabledValueSource done
Event: 1.204 loading class org/codehaus/plexus/interpolation/AbstractDelegatingValueSource
Event: 1.205 loading class org/codehaus/plexus/interpolation/AbstractDelegatingValueSource done
Event: 1.205 loading class org/codehaus/plexus/interpolation/PrefixedValueSourceWrapper
Event: 1.205 loading class org/codehaus/plexus/interpolation/PrefixedValueSourceWrapper done
Event: 1.205 loading class org/codehaus/plexus/interpolation/FeedbackEnabledValueSource
Event: 1.205 loading class org/codehaus/plexus/interpolation/FeedbackEnabledValueSource done
Event: 1.205 loading class org/codehaus/plexus/interpolation/ObjectBasedValueSource
Event: 1.205 loading class org/codehaus/plexus/interpolation/ObjectBasedValueSource done
Event: 1.206 loading class org/apache/maven/model/interpolation/ProblemDetectingValueSource
Event: 1.206 loading class org/apache/maven/model/interpolation/ProblemDetectingValueSource done
Event: 1.206 loading class org/apache/maven/model/interpolation/AbstractStringBasedModelInterpolator$1
Event: 1.206 loading class org/apache/maven/model/interpolation/AbstractStringBasedModelInterpolator$1 done
Event: 1.206 loading class org/apache/maven/model/interpolation/AbstractStringBasedModelInterpolator$2
Event: 1.206 loading class org/apache/maven/model/interpolation/AbstractStringBasedModelInterpolator$2 done
Event: 1.206 loading class org/apache/maven/model/interpolation/BuildTimestampValueSource
Event: 1.206 loading class org/apache/maven/model/interpolation/BuildTimestampValueSource done
Event: 1.206 loading class org/apache/maven/model/interpolation/MavenBuildTimestamp
Event: 1.206 loading class org/apache/maven/model/interpolation/MavenBuildTimestamp done
Event: 1.207 loading class java/text/DontCareFieldPosition
Event: 1.207 loading class java/text/DontCareFieldPosition done
Event: 1.207 loading class java/text/DontCareFieldPosition$1
Event: 1.207 loading class java/text/Format$FieldDelegate
Event: 1.207 loading class java/text/Format$FieldDelegate done
Event: 1.207 loading class java/text/DontCareFieldPosition$1 done
Event: 1.207 loading class org/codehaus/plexus/interpolation/MapBasedValueSource
Event: 1.207 loading class org/codehaus/plexus/interpolation/MapBasedValueSource done
Event: 1.208 loading class org/apache/maven/model/interpolation/AbstractStringBasedModelInterpolator$3
Event: 1.208 loading class org/apache/maven/model/interpolation/AbstractStringBasedModelInterpolator$3 done
Event: 1.208 loading class org/apache/maven/model/interpolation/PathTranslatingPostProcessor
Event: 1.208 loading class org/apache/maven/model/interpolation/PathTranslatingPostProcessor done
Event: 1.208 loading class org/apache/maven/model/interpolation/UrlNormalizingPostProcessor
Event: 1.208 loading class org/apache/maven/model/interpolation/UrlNormalizingPostProcessor done
Event: 1.208 loading class org/apache/maven/model/interpolation/StringSearchModelInterpolator$InterpolateObjectAction
Event: 1.208 loading class org/apache/maven/model/interpolation/StringSearchModelInterpolator$InterpolateObjectAction done
Event: 1.209 loading class org/apache/maven/model/interpolation/StringSearchModelInterpolator$InterpolateObjectAction$CacheItem
Event: 1.209 loading class org/apache/maven/model/interpolation/StringSearchModelInterpolator$InterpolateObjectAction$CacheItem done
Event: 1.209 loading class org/apache/maven/model/Parent
Event: 1.209 loading class org/apache/maven/model/Parent done
Event: 1.210 loading class org/apache/maven/model/Organization
Event: 1.210 loading class org/apache/maven/model/Organization done
Event: 1.210 loading class org/apache/maven/model/Prerequisites
Event: 1.210 loading class org/apache/maven/model/Prerequisites done
Event: 1.210 loading class org/apache/maven/model/Scm
Event: 1.210 loading class org/apache/maven/model/Scm done
Event: 1.210 loading class org/apache/maven/model/IssueManagement
Event: 1.210 loading class org/apache/maven/model/IssueManagement done
Event: 1.210 loading class org/apache/maven/model/CiManagement
Event: 1.210 loading class org/apache/maven/model/CiManagement done
Event: 1.211 loading class org/apache/maven/model/interpolation/StringSearchModelInterpolator$InterpolateObjectAction$StringField
Event: 1.211 loading class org/apache/maven/model/interpolation/StringSearchModelInterpolator$InterpolateObjectAction$StringField done
Event: 1.211 loading class org/apache/maven/model/interpolation/StringSearchModelInterpolator$InterpolateObjectAction$CacheField
Event: 1.211 loading class org/apache/maven/model/interpolation/StringSearchModelInterpolator$InterpolateObjectAction$CacheField done
Event: 1.211 loading class org/apache/maven/model/interpolation/StringSearchModelInterpolator$InterpolateObjectAction$ObjectField
Event: 1.211 loading class org/apache/maven/model/interpolation/StringSearchModelInterpolator$InterpolateObjectAction$ObjectField done
Event: 1.212 loading class org/apache/maven/model/interpolation/StringSearchModelInterpolator$InterpolateObjectAction$ListField
Event: 1.212 loading class org/apache/maven/model/interpolation/StringSearchModelInterpolator$InterpolateObjectAction$ListField done
Event: 1.212 loading class org/apache/maven/model/DistributionManagement
Event: 1.212 loading class org/apache/maven/model/DistributionManagement done
Event: 1.212 loading class org/apache/maven/model/DependencyManagement
Event: 1.212 loading class org/apache/maven/model/DependencyManagement done
Event: 1.213 loading class org/apache/maven/model/interpolation/StringSearchModelInterpolator$InterpolateObjectAction$MapField
Event: 1.213 loading class org/apache/maven/model/interpolation/StringSearchModelInterpolator$InterpolateObjectAction$MapField done
Event: 1.213 loading class org/codehaus/plexus/interpolation/util/ValueSourceUtils
Event: 1.213 loading class org/codehaus/plexus/interpolation/util/ValueSourceUtils done
Event: 1.213 loading class org/codehaus/plexus/interpolation/reflection/ReflectionValueExtractor
Event: 1.213 loading class org/codehaus/plexus/interpolation/reflection/ReflectionValueExtractor done
Event: 1.214 loading class org/codehaus/plexus/interpolation/reflection/ClassMap
Event: 1.214 loading class org/codehaus/plexus/interpolation/reflection/ClassMap done
Event: 1.214 loading class org/codehaus/plexus/interpolation/reflection/ClassMap$MethodInfo
Event: 1.214 loading class org/codehaus/plexus/interpolation/reflection/ClassMap$MethodInfo done
Event: 1.214 loading class org/codehaus/plexus/interpolation/reflection/MethodMap$AmbiguousException
Event: 1.214 loading class org/codehaus/plexus/interpolation/reflection/MethodMap$AmbiguousException done
Event: 1.215 loading class org/codehaus/plexus/interpolation/reflection/ClassMap$CacheMiss
Event: 1.215 loading class org/codehaus/plexus/interpolation/reflection/ClassMap$CacheMiss done
Event: 1.215 loading class org/codehaus/plexus/interpolation/reflection/MethodMap
Event: 1.215 loading class org/codehaus/plexus/interpolation/reflection/MethodMap done
Event: 1.216 loading class org/apache/maven/model/MailingList
Event: 1.216 loading class org/apache/maven/model/MailingList done
Event: 1.216 loading class org/apache/maven/model/License
Event: 1.216 loading class org/apache/maven/model/License done
Event: 1.218 loading class org/codehaus/plexus/interpolation/util/StringUtils
Event: 1.218 loading class org/codehaus/plexus/interpolation/util/StringUtils done
Event: 1.219 loading class org/apache/maven/model/Extension
Event: 1.219 loading class org/apache/maven/model/Extension done
Event: 1.220 Thread 0x0000000002ab8000 Uncommon trap: trap_request=0xffffff65 fr.pc=0x0000000002d3f134
Event: 1.220 Thread 0x0000000002ab8000 DEOPT PACKING pc=0x0000000002d3f134 sp=0x00000000029cccd0
Event: 1.220 Thread 0x0000000002ab8000 DEOPT UNPACKING pc=0x0000000002bb807b sp=0x00000000029ccc58 mode 2
Event: 1.222 loading class sun/reflect/UnsafeQualifiedObjectFieldAccessorImpl
Event: 1.223 loading class sun/reflect/UnsafeQualifiedFieldAccessorImpl
Event: 1.223 loading class sun/reflect/UnsafeQualifiedFieldAccessorImpl done
Event: 1.223 loading class sun/reflect/UnsafeQualifiedObjectFieldAccessorImpl done
Event: 1.224 loading class org/apache/maven/repository/internal/ArtifactDescriptorUtils
Event: 1.224 loading class org/apache/maven/repository/internal/ArtifactDescriptorUtils done
Event: 1.224 loading class java/util/Collections$SingletonList
Event: 1.224 loading class java/util/Collections$SingletonList done
Event: 1.224 loading class java/util/Collections$1
Event: 1.224 loading class java/util/Collections$1 done
Event: 1.225 loading class java/util/ArrayList$ListItr
Event: 1.225 loading class java/util/ArrayList$ListItr done
Event: 1.225 Executing VM operation: Deoptimize
Event: 1.225 Executing VM operation: Deoptimize done
Event: 1.225 loading class org/apache/maven/project/DefaultProjectBuilder$InterimResult
Event: 1.225 loading class org/apache/maven/project/DefaultProjectBuilder$InterimResult done
Event: 1.225 loading class org/apache/maven/project/ReactorModelPool$CacheKey
Event: 1.225 loading class org/apache/maven/project/ReactorModelPool$CacheKey done
Event: 1.226 loading class org/apache/maven/model/building/ModelBuildingEventCatapult$1
Event: 1.226 loading class org/apache/maven/model/building/ModelBuildingEventCatapult$1 done
Event: 1.226 loading class org/apache/maven/model/building/DefaultModelBuildingEvent
Event: 1.226 loading class org/apache/maven/model/building/DefaultModelBuildingEvent done
Event: 1.227 loading class org/apache/maven/lifecycle/mapping/DefaultLifecycleMapping
Event: 1.227 loading class org/apache/maven/lifecycle/mapping/DefaultLifecycleMapping done
Event: 1.227 loading class org/apache/maven/lifecycle/mapping/DefaultLifecycleMapping
Event: 1.227 loading class org/apache/maven/lifecycle/mapping/DefaultLifecycleMapping done
Event: 1.228 loading class org/apache/maven/lifecycle/mapping/Lifecycle
Event: 1.228 loading class org/apache/maven/lifecycle/mapping/Lifecycle done
Event: 1.229 loading class org/apache/maven/lifecycle/mapping/LifecycleMojo
Event: 1.229 loading class org/apache/maven/lifecycle/mapping/LifecycleMojo done
Event: 1.231 loading class org/apache/maven/lifecycle/internal/DefaultLifecyclePluginAnalyzer$1
Event: 1.231 loading class org/apache/maven/lifecycle/internal/DefaultLifecyclePluginAnalyzer$1 done
Event: 1.233 loading class org/apache/maven/artifact/versioning/DefaultArtifactVersion
Event: 1.233 loading class org/apache/maven/artifact/versioning/DefaultArtifactVersion done
Event: 1.234 loading class org/apache/maven/artifact/versioning/ComparableVersion
Event: 1.234 loading class org/apache/maven/artifact/versioning/ComparableVersion done
Event: 1.234 loading class org/apache/maven/artifact/versioning/ComparableVersion$Item
Event: 1.234 loading class org/apache/maven/artifact/versioning/ComparableVersion$Item done
Event: 1.234 loading class org/apache/maven/artifact/versioning/ComparableVersion$ListItem
Event: 1.234 loading class org/apache/maven/artifact/versioning/ComparableVersion$ListItem done
Event: 1.235 loading class org/apache/maven/artifact/versioning/ComparableVersion$IntegerItem
Event: 1.235 loading class org/apache/maven/artifact/versioning/ComparableVersion$IntegerItem done
Event: 1.235 loading class java/math/BigInteger
Event: 1.236 loading class java/math/BigInteger done
Event: 1.236 loading class org/apache/maven/artifact/versioning/ComparableVersion$StringItem
Event: 1.236 loading class org/apache/maven/artifact/versioning/ComparableVersion$StringItem done
Event: 1.237 loading class java/math/MutableBigInteger
Event: 1.238 loading class java/math/MutableBigInteger done
Event: 1.238 loading class org/apache/maven/artifact/handler/DefaultArtifactHandler
Event: 1.238 loading class org/apache/maven/artifact/handler/DefaultArtifactHandler done
Event: 1.238 loading class org/apache/maven/artifact/handler/DefaultArtifactHandler
Event: 1.238 loading class org/apache/maven/artifact/handler/DefaultArtifactHandler done
Event: 1.239 loading class org/apache/maven/artifact/DefaultArtifact
Event: 1.239 loading class org/apache/maven/artifact/DefaultArtifact done
Event: 1.240 loading class org/apache/maven/artifact/InvalidArtifactRTException
Event: 1.240 loading class org/apache/maven/artifact/InvalidArtifactRTException done
Event: 1.241 loading class org/apache/maven/artifact/versioning/Restriction
Event: 1.241 loading class org/apache/maven/artifact/versioning/Restriction done
Event: 1.242 loading class org/apache/maven/project/DefaultProjectBuildingResult
Event: 1.242 loading class org/apache/maven/project/DefaultProjectBuildingResult done
Event: 1.244 loading class org/apache/maven/artifact/ArtifactUtils
Event: 1.244 loading class org/apache/maven/artifact/ArtifactUtils done
Event: 1.244 loading class org/apache/commons/lang3/StringUtils
Event: 1.244 loading class org/apache/commons/lang3/StringUtils done
Event: 1.247 loading class org/apache/maven/graph/DefaultProjectDependencyGraph
Event: 1.247 loading class org/apache/maven/graph/DefaultProjectDependencyGraph done
Event: 1.249 loading class org/apache/maven/project/ProjectSorter
Event: 1.249 loading class org/apache/maven/project/ProjectSorter done
Event: 1.249 loading class org/codehaus/plexus/util/dag/DAG
Event: 1.249 loading class org/codehaus/plexus/util/dag/DAG done
Event: 1.250 loading class org/codehaus/plexus/util/dag/Vertex
Event: 1.250 loading class org/codehaus/plexus/util/dag/Vertex done
Event: 1.250 loading class org/codehaus/plexus/util/dag/TopologicalSorter
Event: 1.250 loading class org/codehaus/plexus/util/dag/TopologicalSorter done
Event: 1.251 loading class java/util/LinkedList$ListItr
Event: 1.251 loading class java/util/LinkedList$ListItr done
Event: 1.251 loading class org/apache/maven/model/building/Result$4
Event: 1.251 loading class org/apache/maven/model/building/Result$4 done
Event: 1.252 loading class org/eclipse/aether/util/repository/ChainedWorkspaceReader
Event: 1.252 loading class org/eclipse/aether/util/repository/ChainedWorkspaceReader done
Event: 1.253 loading class org/apache/maven/execution/MavenSession
Event: 1.253 loading class org/apache/maven/execution/MavenSession done
Event: 1.253 loading class org/codehaus/plexus/PlexusContainer
Event: 1.253 loading class org/codehaus/plexus/PlexusContainer done
Event: 1.253 loading class org/netbeans/shaded/json/simple/JSONArray
Event: 1.253 loading class org/netbeans/shaded/json/simple/JSONArray done
Event: 1.253 loading class org/codehaus/plexus/classworlds/realm/ClassRealm
Event: 1.253 loading class org/codehaus/plexus/classworlds/realm/ClassRealm done


Dynamic libraries:
0x00007ff689d00000 - 0x00007ff689d49000 	C:\Program Files\ojdkbuild\java-1.8.0-openjdk-1.8.0.232-1\bin\java.exe
0x00007ffdf9ba0000 - 0x00007ffdf9d90000 	C:\Windows\SYSTEM32\ntdll.dll
0x00007ffdf8b90000 - 0x00007ffdf8c42000 	C:\Windows\System32\KERNEL32.DLL
0x00007ffdf7590000 - 0x00007ffdf7833000 	C:\Windows\System32\KERNELBASE.dll
0x00007ffdf96a0000 - 0x00007ffdf9743000 	C:\Windows\System32\ADVAPI32.dll
0x00007ffdf9960000 - 0x00007ffdf99fe000 	C:\Windows\System32\msvcrt.dll
0x00007ffdf8af0000 - 0x00007ffdf8b87000 	C:\Windows\System32\sechost.dll
0x00007ffdf81a0000 - 0x00007ffdf82c0000 	C:\Windows\System32\RPCRT4.dll
0x00007ffdf8f90000 - 0x00007ffdf9124000 	C:\Windows\System32\USER32.dll
0x00007ffdf6b30000 - 0x00007ffdf6b51000 	C:\Windows\System32\win32u.dll
0x00007ffdf9130000 - 0x00007ffdf9156000 	C:\Windows\System32\GDI32.dll
0x00007ffdf73a0000 - 0x00007ffdf7534000 	C:\Windows\System32\gdi32full.dll
0x00007ffdf72e0000 - 0x00007ffdf737e000 	C:\Windows\System32\msvcp_win.dll
0x00007ffdf78a0000 - 0x00007ffdf799a000 	C:\Windows\System32\ucrtbase.dll
0x00007ffde3a80000 - 0x00007ffde3d05000 	C:\Windows\WinSxS\amd64_microsoft.windows.common-controls_6595b64144ccf1df_6.0.18362.476_none_e6c4b11b130f2595\COMCTL32.dll
0x00007ffdf7c50000 - 0x00007ffdf7f86000 	C:\Windows\System32\combase.dll
0x00007ffdf7ba0000 - 0x00007ffdf7c20000 	C:\Windows\System32\bcryptPrimitives.dll
0x00007ffdf9750000 - 0x00007ffdf977e000 	C:\Windows\System32\IMM32.DLL
0x000000006a500000 - 0x000000006a5d2000 	C:\Program Files\ojdkbuild\java-1.8.0-openjdk-1.8.0.232-1\jre\bin\msvcr100.dll
0x000000006a5e0000 - 0x000000006ae9b000 	C:\Program Files\ojdkbuild\java-1.8.0-openjdk-1.8.0.232-1\jre\bin\server\jvm.dll
0x00007ffdf8d80000 - 0x00007ffdf8d88000 	C:\Windows\System32\PSAPI.DLL
0x00007ffdf4b10000 - 0x00007ffdf4b34000 	C:\Windows\SYSTEM32\WINMM.dll
0x00007ffdde540000 - 0x00007ffdde549000 	C:\Windows\SYSTEM32\WSOCK32.dll
0x00007ffdf9ad0000 - 0x00007ffdf9b3f000 	C:\Windows\System32\WS2_32.dll
0x00007ffdf2570000 - 0x00007ffdf257a000 	C:\Windows\SYSTEM32\VERSION.dll
0x00007ffdf4ae0000 - 0x00007ffdf4b0d000 	C:\Windows\SYSTEM32\winmmbase.dll
0x00007ffdf7540000 - 0x00007ffdf758a000 	C:\Windows\System32\cfgmgr32.dll
0x00007ffdd5630000 - 0x00007ffdd563f000 	C:\Program Files\ojdkbuild\java-1.8.0-openjdk-1.8.0.232-1\jre\bin\verify.dll
0x00007ffdc5b20000 - 0x00007ffdc5b49000 	C:\Program Files\ojdkbuild\java-1.8.0-openjdk-1.8.0.232-1\jre\bin\java.dll
0x00007ffdcbce0000 - 0x00007ffdcbcf6000 	C:\Program Files\ojdkbuild\java-1.8.0-openjdk-1.8.0.232-1\jre\bin\zip.dll
0x00007ffdf8400000 - 0x00007ffdf8ae5000 	C:\Windows\System32\SHELL32.dll
0x00007ffdf8ee0000 - 0x00007ffdf8f89000 	C:\Windows\System32\shcore.dll
0x00007ffdf6b60000 - 0x00007ffdf72de000 	C:\Windows\System32\windows.storage.dll
0x00007ffdf6af0000 - 0x00007ffdf6b0f000 	C:\Windows\System32\profapi.dll
0x00007ffdf6a80000 - 0x00007ffdf6aca000 	C:\Windows\System32\powrprof.dll
0x00007ffdf6a70000 - 0x00007ffdf6a80000 	C:\Windows\System32\UMPDC.dll
0x00007ffdf91d0000 - 0x00007ffdf9222000 	C:\Windows\System32\shlwapi.dll
0x00007ffdf6b10000 - 0x00007ffdf6b21000 	C:\Windows\System32\kernel.appcore.dll
0x00007ffdf7380000 - 0x00007ffdf7397000 	C:\Windows\System32\cryptsp.dll
0x00007ffdc5b00000 - 0x00007ffdc5b1a000 	C:\Program Files\ojdkbuild\java-1.8.0-openjdk-1.8.0.232-1\jre\bin\net.dll
0x00007ffdf6280000 - 0x00007ffdf62e7000 	C:\Windows\system32\mswsock.dll
0x00007ffdc5ae0000 - 0x00007ffdc5af1000 	C:\Program Files\ojdkbuild\java-1.8.0-openjdk-1.8.0.232-1\jre\bin\nio.dll

VM Arguments:
jvm_args: -Dclassworlds.conf=C:\Program Files (x86)\NetBeans-11.2\netbeans\java\maven\bin\m2.conf -Dmaven.home=C:\Program Files (x86)\NetBeans-11.2\netbeans\java\maven -Dmaven.multiModuleProjectDirectory=C:\Users\MB-207\Documents\NetBeansProjects\SpringData1114_PSI 
java_command: org.codehaus.plexus.classworlds.launcher.Launcher -Dmaven.ext.class.path=C:\Program Files (x86)\NetBeans-11.2\netbeans\java\maven-nblib\netbeans-eventspy.jar -Dfile.encoding=UTF-8 clean
java_class_path (initial): C:\Program Files (x86)\NetBeans-11.2\netbeans\java\maven\boot\plexus-classworlds-2.5.2.jar
Launcher Type: SUN_STANDARD

Environment Variables:
JAVA_HOME=C:\Program Files\ojdkbuild\java-1.8.0-openjdk-1.8.0.232-1
PATH=C:\Program Files\AdoptOpenJDK\jre-11.0.5.10-hotspot\bin;C:\Program Files (x86)\AdoptOpenJDK\jre-8.0.232.09-hotspot\bin;C:\Windows\system32;C:\Windows;C:\Windows\System32\Wbem;C:\Windows\System32\WindowsPowerShell\v1.0\;C:\Windows\System32\OpenSSH\;C:\Program Files\ojdkbuild\java-1.8.0-openjdk-1.8.0.232-1\bin;C:\Program Files\ojdkbuild\java-1.8.0-openjdk-1.8.0.232-1\jre\bin;C:\Users\MB-207\AppData\Local\Microsoft\WindowsApps;
USERNAME=MB-study
OS=Windows_NT
PROCESSOR_IDENTIFIER=Intel64 Family 6 Model 42 Stepping 7, GenuineIntel



---------------  S Y S T E M  ---------------

OS: Windows 10.0 , 64 bit Build 18362 (10.0.18362.329)

CPU:total 4 (initial active 4) (4 cores per cpu, 1 threads per core) family 6 model 42 stepping 7, cmov, cx8, fxsr, mmx, sse, sse2, sse3, ssse3, sse4.1, sse4.2, popcnt, avx, aes, clmul, tsc, tscinvbit

Memory: 4k page, physical 8345568k(832428k free), swap 8345568k(5632k free)

vm_info: OpenJDK 64-Bit Server VM (25.232-b09) for windows-amd64 JRE (1.8.0_232-b09), built on Oct 20 2019 21:49:19 by "VssAdministrator" with MS VC++ 10.0 (VS2010)

time: Sat Jan 09 17:31:29 2021
timezone: x_
elapsed time: 1 seconds (0d 0h 0m 1s)

