#
# There is insufficient memory for the Java Runtime Environment to continue.
# Native memory allocation (malloc) failed to allocate 856976 bytes for Chunk::new
# Possible reasons:
#   The system is out of physical RAM or swap space
#   The process is running with CompressedOops enabled, and the Java Heap may be blocking the growth of the native heap
# Possible solutions:
#   Reduce memory load on the system
#   Increase physical memory or swap space
#   Check if swap backing store is full
#   Decrease Java heap size (-Xmx/-Xms)
#   Decrease number of Java threads
#   Decrease Java thread stack sizes (-Xss)
#   Set larger code cache with -XX:ReservedCodeCacheSize=
#   JVM is running with Unscaled Compressed Oops mode in which the Java heap is
#     placed in the first 4GB address space. The Java Heap base address is the
#     maximum limit for the native heap growth. Please use -XX:HeapBaseMinAddress
#     to set the Java Heap base and to place the Java Heap above 4GB virtual address.
# This output file may be truncated or incomplete.
#
#  Out of Memory Error (allocation.cpp:389), pid=5992, tid=0x0000000000000494
#
# JRE version: OpenJDK Runtime Environment (8.0_232-b09) (build 1.8.0_232-b09)
# Java VM: OpenJDK 64-Bit Server VM (25.232-b09 mixed mode windows-amd64 compressed oops)
# Failed to write core dump. Minidumps are not enabled by default on client versions of Windows
#

---------------  T H R E A D  ---------------

Current thread (0x0000000018653000):  JavaThread "C2 CompilerThread0" daemon [_thread_in_native, id=1172, stack(0x0000000019480000,0x0000000019580000)]

Stack: [0x0000000019480000,0x0000000019580000]
[error occurred during error reporting (printing stack bounds), id 0xc0000005]

Native frames: (J=compiled Java code, j=interpreted, Vv=VM code, C=native code)


Current CompileTask:
C2:   1116 1516       4       java.net.URLClassLoader$1::run (5 bytes)


---------------  P R O C E S S  ---------------

Java Threads: ( => current thread )
  0x00000000186e7800 JavaThread "Service Thread" daemon [_thread_blocked, id=7288, stack(0x0000000019780000,0x0000000019880000)]
  0x000000001865a000 JavaThread "C1 CompilerThread2" daemon [_thread_blocked, id=4700, stack(0x0000000019680000,0x0000000019780000)]
  0x0000000018656800 JavaThread "C2 CompilerThread1" daemon [_thread_blocked, id=5164, stack(0x0000000019580000,0x0000000019680000)]
=>0x0000000018653000 JavaThread "C2 CompilerThread0" daemon [_thread_in_native, id=1172, stack(0x0000000019480000,0x0000000019580000)]
  0x0000000018663800 JavaThread "Attach Listener" daemon [_thread_blocked, id=1240, stack(0x0000000019380000,0x0000000019480000)]
  0x0000000018662800 JavaThread "Signal Dispatcher" daemon [_thread_blocked, id=4396, stack(0x0000000019280000,0x0000000019380000)]
  0x0000000017b1a000 JavaThread "Finalizer" daemon [_thread_blocked, id=2900, stack(0x0000000019120000,0x0000000019220000)]
  0x0000000017b16800 JavaThread "Reference Handler" daemon [_thread_blocked, id=7380, stack(0x0000000019020000,0x0000000019120000)]
  0x0000000002e18000 JavaThread "main" [_thread_in_vm, id=7484, stack(0x0000000002cd0000,0x0000000002dd0000)]

Other Threads:
  0x0000000017a58000 VMThread [stack: 0x0000000018f20000,0x0000000019020000] [id=4880]
  0x00000000186e9000 WatcherThread [stack: 0x0000000019880000,0x0000000019980000] [id=5028]

VM state:not at safepoint (normal execution)

VM Mutex/Monitor currently owned by a thread: None

heap address: 0x0000000080a00000, size: 2038 MB, Compressed Oops mode: 32-bit
Narrow klass base: 0x0000000000000000, Narrow klass shift: 3
Compressed class space size: 1073741824 Address: 0x0000000100000000

Heap:
 PSYoungGen      total 38400K, used 15839K [0x00000000d5900000, 0x00000000da400000, 0x0000000100000000)
  eden space 33280K, 32% used [0x00000000d5900000,0x00000000d637efd0,0x00000000d7980000)
  from space 5120K, 99% used [0x00000000d7e80000,0x00000000d8378f68,0x00000000d8380000)
  to   space 5120K, 0% used [0x00000000d7980000,0x00000000d7980000,0x00000000d7e80000)
 ParOldGen       total 87552K, used 2921K [0x0000000080a00000, 0x0000000085f80000, 0x00000000d5900000)
  object space 87552K, 3% used [0x0000000080a00000,0x0000000080cda428,0x0000000085f80000)
 Metaspace       used 14090K, capacity 14410K, committed 14592K, reserved 1062912K
  class space    used 1664K, capacity 1783K, committed 1792K, reserved 1048576K

Card table byte_map: [0x0000000012290000,0x0000000012690000] byte_map_base: 0x0000000011e8b000

Marking Bits: (ParMarkBitMap*) 0x000000006ae18170
 Begin Bits: [0x0000000012d40000, 0x0000000014d18000)
 End Bits:   [0x0000000014d18000, 0x0000000016cf0000)

Polling page: 0x0000000002920000

CodeCache: size=245760Kb used=5211Kb max_used=5222Kb free=240548Kb
 bounds [0x0000000002ed0000, 0x00000000033f0000, 0x0000000011ed0000]
 total_blobs=1870 nmethods=1541 adapters=242
 compilation: enabled

Compilation events (250 events):
Event: 1.030 Thread 0x000000001865a000 nmethod 1413 0x00000000033a2b10 code [0x00000000033a2c80, 0x00000000033a2f68]
Event: 1.030 Thread 0x000000001865a000 1414       3       java.util.LinkedHashMap$LinkedEntryIterator::next (5 bytes)
Event: 1.030 Thread 0x000000001865a000 nmethod 1414 0x00000000033a3010 code [0x00000000033a3180, 0x00000000033a3388]
Event: 1.030 Thread 0x000000001865a000 1415       3       java.util.HashMap::<init> (8 bytes)
Event: 1.030 Thread 0x000000001865a000 nmethod 1415 0x00000000033a3410 code [0x00000000033a35a0, 0x00000000033a3728]
Event: 1.031 Thread 0x000000001865a000 1416       1       java.lang.reflect.Constructor::getConstructorAccessor (5 bytes)
Event: 1.031 Thread 0x000000001865a000 nmethod 1416 0x00000000033a37d0 code [0x00000000033a3920, 0x00000000033a3a30]
Event: 1.031 Thread 0x000000001865a000 1417       3       java.lang.reflect.Constructor::setConstructorAccessor (21 bytes)
Event: 1.032 Thread 0x000000001865a000 nmethod 1417 0x00000000033a3a90 code [0x00000000033a3c00, 0x00000000033a3fa8]
Event: 1.033 Thread 0x000000001865a000 1418       3       org.eclipse.sisu.bean.BeanPropertyField::getName (8 bytes)
Event: 1.033 Thread 0x000000001865a000 nmethod 1418 0x00000000033a40d0 code [0x00000000033a4220, 0x00000000033a4410]
Event: 1.033 Thread 0x000000001865a000 1419       1       org.eclipse.sisu.plexus.RequirementImpl::hint (5 bytes)
Event: 1.033 Thread 0x000000001865a000 nmethod 1419 0x00000000033a44d0 code [0x00000000033a4620, 0x00000000033a4730]
Event: 1.033 Thread 0x000000001865a000 1420       1       org.eclipse.sisu.plexus.RequirementImpl::optional (5 bytes)
Event: 1.033 Thread 0x000000001865a000 nmethod 1420 0x00000000033a4790 code [0x00000000033a48e0, 0x00000000033a49f0]
Event: 1.034 Thread 0x000000001865a000 1421       3       java.lang.System::getProperty (25 bytes)
Event: 1.034 Thread 0x000000001865a000 nmethod 1421 0x00000000033a4a50 code [0x00000000033a4c20, 0x00000000033a5288]
Event: 1.034 Thread 0x000000001865a000 1422       3       com.google.common.collect.ImmutableEntry::<init> (15 bytes)
Event: 1.034 Thread 0x000000001865a000 nmethod 1422 0x00000000033a6690 code [0x00000000033a6800, 0x00000000033a6a30]
Event: 1.034 Thread 0x000000001865a000 1423       3       com.google.common.collect.AbstractMapEntry::<init> (5 bytes)
Event: 1.034 Thread 0x0000000018653000 nmethod 1412 0x00000000033a6b10 code [0x00000000033a6ca0, 0x00000000033a7218]
Event: 1.034 Thread 0x000000001865a000 nmethod 1423 0x00000000033a62d0 code [0x00000000033a6420, 0x00000000033a65d0]
Event: 1.034 Thread 0x000000001865a000 1424       3       com.google.common.collect.TransformedIterator::hasNext (10 bytes)
Event: 1.034 Thread 0x000000001865a000 nmethod 1424 0x00000000033a5e90 code [0x00000000033a6000, 0x00000000033a6228]
Event: 1.034 Thread 0x000000001865a000 1425       3       sun.reflect.ConstructorAccessorImpl::<init> (5 bytes)
Event: 1.035 Thread 0x000000001865a000 nmethod 1425 0x00000000033a5a50 code [0x00000000033a5bc0, 0x00000000033a5dd0]
Event: 1.035 Thread 0x000000001865a000 1426       3       com.google.common.collect.AbstractMapBasedMultimap$AsMap$AsMapIterator::hasNext (10 bytes)
Event: 1.035 Thread 0x000000001865a000 nmethod 1426 0x00000000033a5610 code [0x00000000033a5780, 0x00000000033a59a8]
Event: 1.035 Thread 0x000000001865a000 1427       3       com.google.inject.internal.InjectorImpl::getProviderOrThrow (28 bytes)
Event: 1.035 Thread 0x000000001865a000 nmethod 1427 0x00000000033a7550 code [0x00000000033a76e0, 0x00000000033a7c78]
Event: 1.035 Thread 0x000000001865a000 1428       3       com.google.inject.internal.InjectorImpl$2::<init> (20 bytes)
Event: 1.035 Thread 0x000000001865a000 nmethod 1428 0x00000000033a7ed0 code [0x00000000033a8020, 0x00000000033a8210]
Event: 1.035 Thread 0x000000001865a000 1429       3       java.util.Properties::getProperty (46 bytes)
Event: 1.036 Thread 0x000000001865a000 nmethod 1429 0x00000000033a82d0 code [0x00000000033a8460, 0x00000000033a8978]
Event: 1.036 Thread 0x000000001865a000 1432   !   3       com.google.inject.internal.MembersInjectorImpl::notifyListeners (71 bytes)
Event: 1.036 Thread 0x000000001865a000 nmethod 1432 0x00000000033a8a90 code [0x00000000033a8d40, 0x00000000033aa348]
Event: 1.036 Thread 0x000000001865a000 1430       3       com.google.inject.spi.ProviderLookup$1::get (33 bytes)
Event: 1.037 Thread 0x000000001865a000 nmethod 1430 0x00000000033aae90 code [0x00000000033ab040, 0x00000000033ab518]
Event: 1.037 Thread 0x000000001865a000 1431   !   3       com.google.inject.internal.InjectorImpl$1::get (56 bytes)
Event: 1.037 Thread 0x000000001865a000 nmethod 1431 0x00000000033ab750 code [0x00000000033ab940, 0x00000000033ac4f8]
Event: 1.037 Thread 0x000000001865a000 1434       3       org.eclipse.sisu.inject.RankedSequence::safeBinarySearch (77 bytes)
Event: 1.037 Thread 0x000000001865a000 nmethod 1434 0x00000000033aca50 code [0x00000000033acbc0, 0x00000000033acf10]
Event: 1.037 Thread 0x000000001865a000 1433       3       com.google.inject.Key$AnnotationInstanceStrategy::getAnnotationType (10 bytes)
Event: 1.038 Thread 0x000000001865a000 nmethod 1433 0x00000000033ad0d0 code [0x00000000033ad240, 0x00000000033ad468]
Event: 1.038 Thread 0x000000001865a000 1435   !   3       org.eclipse.sisu.inject.DefaultBeanLocator::locate (122 bytes)
Event: 1.038 Thread 0x000000001865a000 nmethod 1435 0x00000000033ad910 code [0x00000000033adba0, 0x00000000033aee58]
Event: 1.038 Thread 0x000000001865a000 1436       3       org.eclipse.sisu.inject.LocatedBeans::<init> (36 bytes)
Event: 1.039 Thread 0x000000001865a000 nmethod 1436 0x00000000033af710 code [0x00000000033af880, 0x00000000033afbb8]
Event: 1.039 Thread 0x000000001865a000 1438       3       java.lang.Long::longValue (5 bytes)
Event: 1.039 Thread 0x000000001865a000 nmethod 1438 0x00000000033afcd0 code [0x00000000033afe20, 0x00000000033aff70]
Event: 1.039 Thread 0x000000001865a000 1441   !   3       com.google.inject.internal.ProviderInternalFactory::circularGet (134 bytes)
Event: 1.039 Thread 0x000000001865a000 nmethod 1441 0x00000000033affd0 code [0x00000000033b01e0, 0x00000000033b13f8]
Event: 1.039 Thread 0x000000001865a000 1437       3       sun.reflect.Reflection::quickCheckMemberAccess (10 bytes)
Event: 1.039 Thread 0x000000001865a000 nmethod 1437 0x00000000033b1a50 code [0x00000000033b1bc0, 0x00000000033b1de8]
Event: 1.039 Thread 0x000000001865a000 1439       3       sun.reflect.NativeConstructorAccessorImpl::newInstance (89 bytes)
Event: 1.040 Thread 0x000000001865a000 nmethod 1439 0x00000000033b1e90 code [0x00000000033b2100, 0x00000000033b3438]
Event: 1.040 Thread 0x000000001865a000 1442       1       com.google.inject.spi.TypeListenerBinding::getListener (5 bytes)
Event: 1.040 Thread 0x000000001865a000 nmethod 1442 0x00000000033b3c50 code [0x00000000033b3da0, 0x00000000033b3eb0]
Event: 1.040 Thread 0x000000001865a000 1443       1       com.google.inject.spi.TypeListenerBinding::getTypeMatcher (5 bytes)
Event: 1.040 Thread 0x000000001865a000 nmethod 1443 0x00000000033b3f10 code [0x00000000033b4060, 0x00000000033b4170]
Event: 1.041 Thread 0x000000001865a000 1444   !   3       com.google.inject.internal.SingleParameterInjector::inject (62 bytes)
Event: 1.041 Thread 0x000000001865a000 nmethod 1444 0x00000000033b41d0 code [0x00000000033b43c0, 0x00000000033b4fb8]
Event: 1.041 Thread 0x000000001865a000 1448       3       org.eclipse.sisu.inject.QualifyingStrategy::qualify (53 bytes)
Event: 1.041 Thread 0x000000001865a000 nmethod 1448 0x00000000033b5510 code [0x00000000033b56e0, 0x00000000033b6128]
Event: 1.041 Thread 0x000000001865a000 1445       3       com.google.inject.internal.Scoping$1::acceptVisitor (7 bytes)
Event: 1.041 Thread 0x000000001865a000 nmethod 1445 0x00000000033b6350 code [0x00000000033b64c0, 0x00000000033b6810]
Event: 1.041 Thread 0x000000001865a000 1446       3       com.google.inject.Scopes$2::visitNoScoping (5 bytes)
Event: 1.041 Thread 0x0000000018653000 1450   !   4       java.lang.ref.ReferenceQueue::poll (28 bytes)
Event: 1.042 Thread 0x000000001865a000 nmethod 1446 0x00000000033b6990 code [0x00000000033b6b00, 0x00000000033b6d90]
Event: 1.042 Thread 0x000000001865a000 1447       3       com.google.inject.Scopes$2::visitNoScoping (5 bytes)
Event: 1.042 Thread 0x000000001865a000 nmethod 1447 0x00000000033b6e50 code [0x00000000033b6fc0, 0x00000000033b7190]
Event: 1.042 Thread 0x000000001865a000 1449       3       java.lang.Long::equals (30 bytes)
Event: 1.042 Thread 0x000000001865a000 nmethod 1449 0x00000000033b7250 code [0x00000000033b73c0, 0x00000000033b7890]
Event: 1.042 Thread 0x000000001865a000 1451       3       org.eclipse.sisu.inject.BeanCache::<init> (5 bytes)
Event: 1.042 Thread 0x000000001865a000 nmethod 1451 0x00000000033b7990 code [0x00000000033b7b00, 0x00000000033b7d10]
Event: 1.042 Thread 0x000000001865a000 1452       3       org.eclipse.sisu.inject.MildElements::add (66 bytes)
Event: 1.042 Thread 0x000000001865a000 nmethod 1452 0x00000000033b7dd0 code [0x00000000033b7fe0, 0x00000000033b8c58]
Event: 1.042 Thread 0x000000001865a000 1453       3       org.eclipse.sisu.inject.MildElements::compact (21 bytes)
Event: 1.043 Thread 0x000000001865a000 nmethod 1453 0x00000000033b91d0 code [0x00000000033b9360, 0x00000000033b9918]
Event: 1.043 Thread 0x000000001865a000 1454       3       org.eclipse.sisu.inject.MildElements$Weak::<init> (12 bytes)
Event: 1.043 Thread 0x0000000018653000 nmethod 1450 0x00000000033bca50 code [0x00000000033bcba0, 0x00000000033bcee8]
Event: 1.043 Thread 0x000000001865a000 nmethod 1454 0x00000000033bc490 code [0x00000000033bc600, 0x00000000033bc910]
Event: 1.043 Thread 0x000000001865a000 1455       3       org.eclipse.sisu.wire.BeanProviders::firstOf (35 bytes)
Event: 1.043 Thread 0x000000001865a000 nmethod 1455 0x00000000033bbbd0 code [0x00000000033bbd80, 0x00000000033bc318]
Event: 1.043 Thread 0x000000001865a000 1456       3       org.eclipse.sisu.wire.BeanProviders$7::get (16 bytes)
Event: 1.043 Thread 0x000000001865a000 nmethod 1456 0x00000000033bb010 code [0x00000000033bb1e0, 0x00000000033bb9a8]
Event: 1.043 Thread 0x000000001865a000 1457       3       org.eclipse.sisu.inject.QualifyingStrategy$1::qualifies (22 bytes)
Event: 1.044 Thread 0x000000001865a000 nmethod 1457 0x00000000033bab10 code [0x00000000033bac80, 0x00000000033baf28]
Event: 1.044 Thread 0x000000001865a000 1459       3       java.lang.Character::isSurrogate (18 bytes)
Event: 1.044 Thread 0x000000001865a000 nmethod 1459 0x00000000033ba790 code [0x00000000033ba8e0, 0x00000000033baab0]
Event: 1.044 Thread 0x000000001865a000 1458       3       java.util.regex.Pattern::isSupplementary (20 bytes)
Event: 1.044 Thread 0x000000001865a000 nmethod 1458 0x00000000033ba290 code [0x00000000033ba400, 0x00000000033ba6d0]
Event: 1.045 Thread 0x000000001865a000 1461       3       java.util.ArrayList::<init> (12 bytes)
Event: 1.045 Thread 0x000000001865a000 nmethod 1461 0x00000000033bcfd0 code [0x00000000033bd140, 0x00000000033bd3d0]
Event: 1.045 Thread 0x000000001865a000 1462       3       sun.misc.ProxyGenerator$ConstantPool::getString (21 bytes)
Event: 1.046 Thread 0x000000001865a000 nmethod 1462 0x00000000033bd4d0 code [0x00000000033bd680, 0x00000000033bdb88]
Event: 1.046 Thread 0x000000001865a000 1463       3       sun.misc.ProxyGenerator::code_ldc (64 bytes)
Event: 1.046 Thread 0x000000001865a000 nmethod 1463 0x00000000033bde50 code [0x00000000033be060, 0x00000000033bec68]
Event: 1.050 Thread 0x000000001865a000 1464       3       com.google.common.collect.LinkedHashMultimap$ValueEntry::matchesValue (25 bytes)
Event: 1.050 Thread 0x000000001865a000 nmethod 1464 0x00000000033bf0d0 code [0x00000000033bf260, 0x00000000033bf6c8]
Event: 1.050 Thread 0x000000001865a000 1465       3       com.google.inject.internal.InternalFactoryToInitializableAdapter::get (25 bytes)
Event: 1.050 Thread 0x000000001865a000 nmethod 1465 0x00000000033bf7d0 code [0x00000000033bf960, 0x00000000033bfd58]
Event: 1.050 Thread 0x000000001865a000 1466       3       com.google.inject.internal.ProviderInternalFactory$1::call (24 bytes)
Event: 1.050 Thread 0x000000001865a000 nmethod 1466 0x00000000033bfe90 code [0x00000000033c0000, 0x00000000033c0228]
Event: 1.050 Thread 0x000000001865a000 1467       3       com.google.inject.internal.ProviderInternalFactory::provision (27 bytes)
Event: 1.050 Thread 0x000000001865a000 nmethod 1467 0x00000000033c02d0 code [0x00000000033c0460, 0x00000000033c0828]
Event: 1.050 Thread 0x000000001865a000 1468   !   3       com.google.inject.internal.InternalFactoryToInitializableAdapter::provision (29 bytes)
Event: 1.051 Thread 0x0000000018656800 1471       4       sun.reflect.ClassFileAssembler::emitByte (11 bytes)
Event: 1.051 Thread 0x000000001865a000 nmethod 1468 0x00000000033c09d0 code [0x00000000033c0c40, 0x00000000033c1da8]
Event: 1.051 Thread 0x000000001865a000 1473       1       sun.reflect.ByteVectorImpl::getLength (7 bytes)
Event: 1.051 Thread 0x000000001865a000 nmethod 1473 0x00000000033b9c10 code [0x00000000033b9d60, 0x00000000033b9e70]
Event: 1.051 Thread 0x000000001865a000 1478       3       org.eclipse.sisu.inject.QualifyingStrategy::selectFor (53 bytes)
Event: 1.051 Thread 0x000000001865a000 nmethod 1478 0x00000000033c2690 code [0x00000000033c2860, 0x00000000033c2f08]
Event: 1.051 Thread 0x000000001865a000 1480   !   3       org.eclipse.sisu.inject.RankedBindings$Itr::hasNext (107 bytes)
Event: 1.052 Thread 0x0000000018656800 nmethod 1471 0x00000000033c5e50 code [0x00000000033c5fa0, 0x00000000033c60c8]
Event: 1.052 Thread 0x000000001865a000 nmethod 1480 0x00000000033c3f90 code [0x00000000033c41e0, 0x00000000033c54d8]
Event: 1.052 Thread 0x000000001865a000 1479   !   3       org.eclipse.sisu.inject.RankedBindings::newBeanCache (36 bytes)
Event: 1.052 Thread 0x000000001865a000 nmethod 1479 0x00000000033c3690 code [0x00000000033c3820, 0x00000000033c3d68]
Event: 1.052 Thread 0x000000001865a000 1474       3       org.eclipse.sisu.inject.RankedSequence::iterator (9 bytes)
Event: 1.052 Thread 0x000000001865a000 nmethod 1474 0x00000000033c3110 code [0x00000000033c3280, 0x00000000033c3510]
Event: 1.052 Thread 0x000000001865a000 1475       3       org.eclipse.sisu.inject.RankedSequence$Itr::<init> (22 bytes)
Event: 1.053 Thread 0x000000001865a000 nmethod 1475 0x00000000033c6250 code [0x00000000033c63a0, 0x00000000033c6590]
Event: 1.053 Thread 0x000000001865a000 1476       3       org.eclipse.sisu.inject.LocatedBeans::iterator (9 bytes)
Event: 1.053 Thread 0x000000001865a000 nmethod 1476 0x00000000033c6650 code [0x00000000033c67c0, 0x00000000033c69a8]
Event: 1.053 Thread 0x000000001865a000 1477       3       org.eclipse.sisu.inject.LocatedBeans$Itr::<init> (48 bytes)
Event: 1.053 Thread 0x000000001865a000 nmethod 1477 0x00000000033c6a50 code [0x00000000033c6c00, 0x00000000033c7388]
Event: 1.053 Thread 0x000000001865a000 1469       3       sun.reflect.ClassFileAssembler::emitConstantPoolNameAndType (28 bytes)
Event: 1.053 Thread 0x000000001865a000 nmethod 1469 0x00000000033c7790 code [0x00000000033c7980, 0x00000000033c8068]
Event: 1.053 Thread 0x000000001865a000 1472       3       sun.reflect.ClassFileAssembler::setStack (25 bytes)
Event: 1.053 Thread 0x000000001865a000 nmethod 1472 0x00000000033c85d0 code [0x00000000033c8720, 0x00000000033c88b0]
Event: 1.053 Thread 0x000000001865a000 1470       3       sun.reflect.ClassFileAssembler::emitConstantPoolClass (23 bytes)
Event: 1.054 Thread 0x000000001865a000 nmethod 1470 0x00000000033c8910 code [0x00000000033c8ac0, 0x00000000033c8f48]
Event: 1.054 Thread 0x000000001865a000 1481       3       sun.reflect.AccessorGenerator::sub (5 bytes)
Event: 1.054 Thread 0x000000001865a000 nmethod 1481 0x00000000033c9290 code [0x00000000033c93e0, 0x00000000033c9530]
Event: 1.055 Thread 0x000000001865a000 1482   !   3       org.eclipse.sisu.inject.BeanCache::flush (53 bytes)
Event: 1.055 Thread 0x000000001865a000 nmethod 1482 0x00000000033c9590 code [0x00000000033c9720, 0x00000000033c9d88]
Event: 1.055 Thread 0x000000001865a000 1488       3       com.google.inject.Scopes::isSingleton (106 bytes)
Event: 1.055 Thread 0x000000001865a000 nmethod 1488 0x00000000033c9f50 code [0x00000000033ca180, 0x00000000033cb228]
Event: 1.055 Thread 0x000000001865a000 1483       3       com.google.inject.internal.BindingImpl::getProvider (44 bytes)
Event: 1.055 Thread 0x000000001865a000 nmethod 1483 0x00000000033cb6d0 code [0x00000000033cb860, 0x00000000033cbbf8]
Event: 1.056 Thread 0x000000001865a000 1484       3       org.eclipse.sisu.inject.LocatedBeans$Itr::next (5 bytes)
Event: 1.056 Thread 0x000000001865a000 nmethod 1484 0x00000000033cbd50 code [0x00000000033cbee0, 0x00000000033cc2d8]
Event: 1.056 Thread 0x000000001865a000 1485       3       org.eclipse.sisu.inject.LocatedBeans$Itr::next (32 bytes)
Event: 1.056 Thread 0x000000001865a000 nmethod 1485 0x00000000033cc450 code [0x00000000033cc5c0, 0x00000000033cc8f8]
Event: 1.056 Thread 0x000000001865a000 1486       3       org.eclipse.sisu.inject.LazyBeanEntry::<init> (81 bytes)
Event: 1.056 Thread 0x000000001865a000 nmethod 1486 0x00000000033cca10 code [0x00000000033ccbe0, 0x00000000033cd408]
Event: 1.056 Thread 0x000000001865a000 1490       3       org.eclipse.sisu.inject.RankedSequence$Itr::next (47 bytes)
Event: 1.056 Thread 0x000000001865a000 nmethod 1490 0x00000000033cd710 code [0x00000000033cd880, 0x00000000033cdbb8]
Event: 1.056 Thread 0x000000001865a000 1491   !   3       org.eclipse.sisu.inject.BeanCache::create (172 bytes)
Event: 1.057 Thread 0x000000001865a000 nmethod 1491 0x00000000033cdcd0 code [0x00000000033cdee0, 0x00000000033ceeb8]
Event: 1.057 Thread 0x000000001865a000 1487       3       org.eclipse.sisu.inject.LazyBeanEntry$JsrNamed::<init> (15 bytes)
Event: 1.057 Thread 0x000000001865a000 nmethod 1487 0x00000000033cf3d0 code [0x00000000033cf540, 0x00000000033cf7e8]
Event: 1.057 Thread 0x000000001865a000 1489       3       org.eclipse.sisu.inject.LazyBeanEntry::getValue (10 bytes)
Event: 1.057 Thread 0x000000001865a000 nmethod 1489 0x00000000033cf8d0 code [0x00000000033cfa40, 0x00000000033cfc68]
Event: 1.057 Thread 0x000000001865a000 1492       1       java.lang.reflect.AccessibleObject::isAccessible (5 bytes)
Event: 1.057 Thread 0x000000001865a000 nmethod 1492 0x00000000033cfd10 code [0x00000000033cfe60, 0x00000000033cff70]
Event: 1.057 Thread 0x000000001865a000 1493       3       com.google.inject.internal.ConstructorBindingImpl$Factory::get (65 bytes)
Event: 1.058 Thread 0x000000001865a000 nmethod 1493 0x00000000033cffd0 code [0x00000000033d01e0, 0x00000000033d0e78]
Event: 1.058 Thread 0x000000001865a000 1494   !   3       com.google.inject.internal.ConstructorInjector::construct (112 bytes)
Event: 1.058 Thread 0x000000001865a000 nmethod 1494 0x00000000033d1450 code [0x00000000033d1640, 0x00000000033d23d8]
Event: 1.058 Thread 0x000000001865a000 1495       1       sun.reflect.generics.repository.AbstractRepository::getTree (5 bytes)
Event: 1.058 Thread 0x000000001865a000 nmethod 1495 0x00000000033d2890 code [0x00000000033d29e0, 0x00000000033d2af0]
Event: 1.059 Thread 0x000000001865a000 1496       1       com.google.inject.spi.InjectionPoint::getDeclaringType (5 bytes)
Event: 1.059 Thread 0x000000001865a000 nmethod 1496 0x00000000033d2b50 code [0x00000000033d2ca0, 0x00000000033d2db0]
Event: 1.059 Thread 0x000000001865a000 1497       3       org.slf4j.impl.SimpleLogger::getStringProperty (15 bytes)
Event: 1.059 Thread 0x000000001865a000 nmethod 1497 0x00000000033d2e10 code [0x00000000033d2fe0, 0x00000000033d35d8]
Event: 1.059 Thread 0x000000001865a000 1498       3       org.eclipse.sisu.wire.BeanProviders$1::get (5 bytes)
Event: 1.059 Thread 0x000000001865a000 nmethod 1498 0x00000000033d3910 code [0x00000000033d3aa0, 0x00000000033d3e98]
Event: 1.059 Thread 0x000000001865a000 1499       3       org.eclipse.sisu.wire.BeanProviders$1::get (25 bytes)
Event: 1.059 Thread 0x000000001865a000 nmethod 1499 0x00000000033d4050 code [0x00000000033d41e0, 0x00000000033d4578]
Event: 1.060 Thread 0x000000001865a000 1500       3       com.google.inject.internal.Scoping$3::acceptVisitor (10 bytes)
Event: 1.060 Thread 0x000000001865a000 nmethod 1500 0x00000000033d46d0 code [0x00000000033d4860, 0x00000000033d4bd0]
Event: 1.060 Thread 0x000000001865a000 1501       3       com.google.inject.Scopes$2::visitScope (6 bytes)
Event: 1.060 Thread 0x000000001865a000 nmethod 1501 0x00000000033d4d50 code [0x00000000033d4ec0, 0x00000000033d5210]
Event: 1.060 Thread 0x000000001865a000 1502       3       com.google.inject.Scopes$2::visitScope (16 bytes)
Event: 1.060 Thread 0x000000001865a000 nmethod 1502 0x00000000033d5310 code [0x00000000033d5480, 0x00000000033d56f0]
Event: 1.060 Thread 0x000000001865a000 1503   !   3       com.sun.proxy.$Proxy0::value (29 bytes)
Event: 1.060 Thread 0x000000001865a000 nmethod 1503 0x00000000033d5790 code [0x00000000033d5920, 0x00000000033d5d58]
Event: 1.060 Thread 0x000000001865a000 1504       1       com.google.inject.Key$AnnotationTypeStrategy::hasAttributes (2 bytes)
Event: 1.060 Thread 0x000000001865a000 nmethod 1504 0x00000000033d5f10 code [0x00000000033d6060, 0x00000000033d6170]
Event: 1.061 Thread 0x000000001865a000 1505       1       org.eclipse.sisu.inject.MildKeys$Weak::hashCode (5 bytes)
Event: 1.061 Thread 0x000000001865a000 nmethod 1505 0x00000000033d61d0 code [0x00000000033d6320, 0x00000000033d6430]
Event: 1.061 Thread 0x000000001865a000 1506       3       org.eclipse.sisu.plexus.RealmFilteredBeans$FilteredItr::hasNext (81 bytes)
Event: 1.061 Thread 0x000000001865a000 nmethod 1506 0x00000000033d6490 code [0x00000000033d66c0, 0x00000000033d74b8]
Event: 1.061 Thread 0x000000001865a000 1509   !   3       com.google.inject.internal.InjectorImpl::getBinding (45 bytes)
Event: 1.062 Thread 0x000000001865a000 nmethod 1509 0x00000000033d7910 code [0x00000000033d7b60, 0x00000000033d8968]
Event: 1.062 Thread 0x000000001865a000 1507   !   3       com.google.inject.internal.FactoryProxy::get (50 bytes)
Event: 1.062 Thread 0x000000001865a000 nmethod 1507 0x00000000033d90d0 code [0x00000000033d92a0, 0x00000000033d9d18]
Event: 1.062 Thread 0x000000001865a000 1508       3       org.eclipse.sisu.space.WildcardKey$QualifiedImpl::get (5 bytes)
Event: 1.062 Thread 0x000000001865a000 nmethod 1508 0x00000000033da1d0 code [0x00000000033da320, 0x00000000033da510]
Event: 1.062 Thread 0x000000001865a000 1510       3       org.eclipse.sisu.inject.Guice4$1::<init> (17 bytes)
Event: 1.062 Thread 0x000000001865a000 nmethod 1510 0x00000000033da590 code [0x00000000033da700, 0x00000000033da8f0]
Event: 1.062 Thread 0x000000001865a000 1511   !   3       org.eclipse.sisu.inject.Guice4$1::get (50 bytes)
Event: 1.062 Thread 0x000000001865a000 nmethod 1511 0x00000000033da990 code [0x00000000033dab00, 0x00000000033daf68]
Event: 1.062 Thread 0x000000001865a000 1512       3       java.lang.reflect.Field::setFieldAccessor (34 bytes)
Event: 1.063 Thread 0x000000001865a000 nmethod 1512 0x00000000033db090 code [0x00000000033db200, 0x00000000033db588]
Event: 1.063 Thread 0x0000000018656800 1513       4       java.lang.ReflectiveOperationException::<init> (7 bytes)
Event: 1.063 Thread 0x000000001865a000 1514       2       java.lang.Exception::<init> (7 bytes)
Event: 1.063 Thread 0x0000000018653000 1515       4       java.lang.Throwable::<init> (39 bytes)
Event: 1.063 Thread 0x000000001865a000 nmethod 1514 0x00000000033db6d0 code [0x00000000033db840, 0x00000000033db9a8]
Event: 1.064 Thread 0x000000001865a000 1517       3       org.eclipse.sisu.bean.BeanPropertyField::getType (11 bytes)
Event: 1.064 Thread 0x0000000018653000 nmethod 1515 0x00000000033e18d0 code [0x00000000033e1a20, 0x00000000033e1d88]
Event: 1.064 Thread 0x0000000018656800 nmethod 1513 0x00000000033dc910 code [0x00000000033dca60, 0x00000000033dcdc8]
Event: 1.064 Thread 0x0000000018653000 1516       4       java.net.URLClassLoader$1::run (5 bytes)
Event: 1.065 Thread 0x000000001865a000 nmethod 1517 0x00000000033df990 code [0x00000000033dfbe0, 0x00000000033e0b18]
Event: 1.065 Thread 0x000000001865a000 1518       3       com.google.inject.internal.Annotations::isRetainedAtRuntime (33 bytes)
Event: 1.065 Thread 0x000000001865a000 nmethod 1518 0x00000000033de9d0 code [0x00000000033debc0, 0x00000000033df558]
Event: 1.065 Thread 0x000000001865a000 1519       3       org.eclipse.sisu.inject.MildKeys$Weak::<init> (15 bytes)
Event: 1.066 Thread 0x000000001865a000 nmethod 1519 0x00000000033dc210 code [0x00000000033dc3a0, 0x00000000033dc788]
Event: 1.066 Thread 0x000000001865a000 1520       3       org.eclipse.sisu.bean.BeanPropertyIterator::next (5 bytes)
Event: 1.066 Thread 0x000000001865a000 nmethod 1520 0x00000000033dba50 code [0x00000000033dbbe0, 0x00000000033dbfd8]
Event: 1.066 Thread 0x000000001865a000 1521       3       org.eclipse.sisu.inject.Sources::getAnnotation (38 bytes)
Event: 1.066 Thread 0x000000001865a000 nmethod 1521 0x00000000033ddd10 code [0x00000000033ddee0, 0x00000000033de7a8]
Event: 1.066 Thread 0x000000001865a000 1522   !   3       com.google.inject.internal.FailableCache$1::load (48 bytes)
Event: 1.066 Thread 0x000000001865a000 nmethod 1522 0x00000000033dd250 code [0x00000000033dd400, 0x00000000033ddac8]
Event: 1.067 Thread 0x000000001865a000 1524       3       com.google.common.collect.LinkedHashMultimap$ValueSet::contains (42 bytes)
Event: 1.067 Thread 0x000000001865a000 nmethod 1524 0x00000000033e1ed0 code [0x00000000033e20a0, 0x00000000033e2a18]
Event: 1.067 Thread 0x000000001865a000 1523       3       com.google.common.collect.AbstractMapBasedMultimap$WrappedCollection::contains (15 bytes)
Event: 1.067 Thread 0x000000001865a000 nmethod 1523 0x00000000033e2dd0 code [0x00000000033e2f40, 0x00000000033e3218]
Event: 1.067 Thread 0x000000001865a000 1525       3       com.google.common.collect.LinkedHashMultimap$ValueEntry::setSuccessorInValueSet (6 bytes)
Event: 1.067 Thread 0x000000001865a000 nmethod 1525 0x00000000033e3310 code [0x00000000033e3460, 0x00000000033e35d0]
Event: 1.068 Thread 0x000000001865a000 1526       3       java.util.Hashtable$Enumerator::hasMoreElements (53 bytes)
Event: 1.068 Thread 0x000000001865a000 nmethod 1526 0x00000000033e3650 code [0x00000000033e37c0, 0x00000000033e3a90]
Event: 1.068 Thread 0x000000001865a000 1527       3       java.util.Hashtable$Enumerator::nextElement (111 bytes)
Event: 1.068 Thread 0x000000001865a000 nmethod 1527 0x00000000033e3bd0 code [0x00000000033e3d60, 0x00000000033e41c8]
Event: 1.080 Thread 0x000000001865a000 1528       3       java.lang.String::codePointAt (36 bytes)
Event: 1.080 Thread 0x000000001865a000 nmethod 1528 0x00000000033e43d0 code [0x00000000033e4560, 0x00000000033e4818]
Event: 1.080 Thread 0x000000001865a000 1530       3       java.util.regex.Pattern$Slice::match (79 bytes)
Event: 1.080 Thread 0x000000001865a000 nmethod 1530 0x00000000033e4950 code [0x00000000033e4ae0, 0x00000000033e4f78]
Event: 1.080 Thread 0x000000001865a000 1529       3       java.lang.Character::codePointAtImpl (41 bytes)
Event: 1.081 Thread 0x000000001865a000 nmethod 1529 0x00000000033e5150 code [0x00000000033e52e0, 0x00000000033e5770]
Event: 1.083 Thread 0x000000001865a000 1531       3       org.codehaus.plexus.util.xml.pull.MXParser::newString (11 bytes)
Event: 1.083 Thread 0x000000001865a000 nmethod 1531 0x00000000033e5950 code [0x00000000033e5ac0, 0x00000000033e5ca8]
Event: 1.086 Thread 0x000000001865a000 1532       1       java.util.Hashtable$Entry::getKey (5 bytes)
Event: 1.087 Thread 0x000000001865a000 nmethod 1532 0x00000000033dcf50 code [0x00000000033dd0a0, 0x00000000033dd1b0]
Event: 1.087 Thread 0x000000001865a000 1534       3       java.util.Hashtable$Enumerator::hasNext (5 bytes)
Event: 1.087 Thread 0x000000001865a000 nmethod 1534 0x00000000033e5d90 code [0x00000000033e5f00, 0x00000000033e60a8]
Event: 1.087 Thread 0x000000001865a000 1533       1       java.util.Hashtable$Entry::getValue (5 bytes)
Event: 1.087 Thread 0x000000001865a000 nmethod 1533 0x00000000033e6150 code [0x00000000033e62a0, 0x00000000033e63b0]
Event: 1.088 Thread 0x0000000018656800 1535       4       java.util.concurrent.atomic.AtomicReferenceArray::checkedByteOffset (45 bytes)
Event: 1.089 Thread 0x0000000018656800 nmethod 1535 0x00000000033e90d0 code [0x00000000033e9200, 0x00000000033e92b8]
Event: 1.089 Thread 0x0000000018656800 1536   !   4       java.util.concurrent.ConcurrentHashMap::putVal (362 bytes)
Event: 1.099 Thread 0x0000000018656800 nmethod 1536 0x00000000033eb750 code [0x00000000033eb900, 0x00000000033ec5a0]
Event: 1.100 Thread 0x000000001865a000 1537       3       java.util.Hashtable$Enumerator::next (27 bytes)
Event: 1.100 Thread 0x000000001865a000 nmethod 1537 0x00000000033eae10 code [0x00000000033eafa0, 0x00000000033eb238]
Event: 1.109 Thread 0x0000000018656800 1539   !   4       java.util.WeakHashMap::expungeStaleEntries (139 bytes)
Event: 1.111 Thread 0x000000001865a000 1540       3       java.util.regex.Pattern::peek (26 bytes)
Event: 1.111 Thread 0x000000001865a000 nmethod 1540 0x00000000033ea4d0 code [0x00000000033ea640, 0x00000000033ea8e8]
Event: 1.115 Thread 0x0000000018656800 nmethod 1539 0x00000000033e95d0 code [0x00000000033e9740, 0x00000000033ea0d8]
Event: 1.115 Thread 0x0000000018656800 1541       4       java.util.Arrays::copyOf (19 bytes)

GC Heap History (4 events):
Event: 0.557 GC heap before
{Heap before GC invocations=1 (full 0):
 PSYoungGen      total 38400K, used 33280K [0x00000000d5900000, 0x00000000d8380000, 0x0000000100000000)
  eden space 33280K, 100% used [0x00000000d5900000,0x00000000d7980000,0x00000000d7980000)
  from space 5120K, 0% used [0x00000000d7e80000,0x00000000d7e80000,0x00000000d8380000)
  to   space 5120K, 0% used [0x00000000d7980000,0x00000000d7980000,0x00000000d7e80000)
 ParOldGen       total 87552K, used 0K [0x0000000080a00000, 0x0000000085f80000, 0x00000000d5900000)
  object space 87552K, 0% used [0x0000000080a00000,0x0000000080a00000,0x0000000085f80000)
 Metaspace       used 8549K, capacity 8776K, committed 9088K, reserved 1056768K
  class space    used 979K, capacity 1052K, committed 1152K, reserved 1048576K
Event: 0.562 GC heap after
Heap after GC invocations=1 (full 0):
 PSYoungGen      total 38400K, used 5092K [0x00000000d5900000, 0x00000000d8380000, 0x0000000100000000)
  eden space 33280K, 0% used [0x00000000d5900000,0x00000000d5900000,0x00000000d7980000)
  from space 5120K, 99% used [0x00000000d7980000,0x00000000d7e79148,0x00000000d7e80000)
  to   space 5120K, 0% used [0x00000000d7e80000,0x00000000d7e80000,0x00000000d8380000)
 ParOldGen       total 87552K, used 165K [0x0000000080a00000, 0x0000000085f80000, 0x00000000d5900000)
  object space 87552K, 0% used [0x0000000080a00000,0x0000000080a29490,0x0000000085f80000)
 Metaspace       used 8549K, capacity 8776K, committed 9088K, reserved 1056768K
  class space    used 979K, capacity 1052K, committed 1152K, reserved 1048576K
}
Event: 0.933 GC heap before
{Heap before GC invocations=2 (full 0):
 PSYoungGen      total 38400K, used 38372K [0x00000000d5900000, 0x00000000d8380000, 0x0000000100000000)
  eden space 33280K, 100% used [0x00000000d5900000,0x00000000d7980000,0x00000000d7980000)
  from space 5120K, 99% used [0x00000000d7980000,0x00000000d7e79148,0x00000000d7e80000)
  to   space 5120K, 0% used [0x00000000d7e80000,0x00000000d7e80000,0x00000000d8380000)
 ParOldGen       total 87552K, used 165K [0x0000000080a00000, 0x0000000085f80000, 0x00000000d5900000)
  object space 87552K, 0% used [0x0000000080a00000,0x0000000080a29490,0x0000000085f80000)
 Metaspace       used 12641K, capacity 12904K, committed 13184K, reserved 1060864K
  class space    used 1513K, capacity 1611K, committed 1664K, reserved 1048576K
Event: 0.940 GC heap after
Heap after GC invocations=2 (full 0):
 PSYoungGen      total 38400K, used 5091K [0x00000000d5900000, 0x00000000da400000, 0x0000000100000000)
  eden space 33280K, 0% used [0x00000000d5900000,0x00000000d5900000,0x00000000d7980000)
  from space 5120K, 99% used [0x00000000d7e80000,0x00000000d8378f68,0x00000000d8380000)
  to   space 5120K, 0% used [0x00000000d7980000,0x00000000d7980000,0x00000000d7e80000)
 ParOldGen       total 87552K, used 2921K [0x0000000080a00000, 0x0000000085f80000, 0x00000000d5900000)
  object space 87552K, 3% used [0x0000000080a00000,0x0000000080cda428,0x0000000085f80000)
 Metaspace       used 12641K, capacity 12904K, committed 13184K, reserved 1060864K
  class space    used 1513K, capacity 1611K, committed 1664K, reserved 1048576K
}

Deoptimization events (6 events):
Event: 0.429 Thread 0x0000000002e18000 Uncommon trap: reason=range_check action=make_not_entrant pc=0x000000000312cfa0 method=sun.reflect.generics.parser.SignatureParser.current()C @ 34
Event: 0.437 Thread 0x0000000002e18000 Uncommon trap: reason=unstable_if action=reinterpret pc=0x0000000003094f24 method=org.codehaus.plexus.util.xml.pull.MXParser.more()C @ 8
Event: 0.503 Thread 0x0000000002e18000 Uncommon trap: reason=unstable_if action=reinterpret pc=0x000000000317fdf0 method=org.codehaus.plexus.util.xml.pull.MXParser.nextImpl()I @ 241
Event: 0.514 Thread 0x0000000002e18000 Uncommon trap: reason=unstable_if action=reinterpret pc=0x000000000316b6f4 method=org.codehaus.plexus.util.xml.pull.MXParser.isWhitespace()Z @ 20
Event: 0.929 Thread 0x0000000002e18000 Uncommon trap: reason=unstable_if action=reinterpret pc=0x0000000003224d68 method=java.util.concurrent.ConcurrentHashMap.putVal(Ljava/lang/Object;Ljava/lang/Object;Z)Ljava/lang/Object; @ 206
Event: 1.073 Thread 0x0000000002e18000 Uncommon trap: reason=unstable_if action=reinterpret pc=0x00000000031d3200 method=org.codehaus.plexus.util.xml.pull.MXParser.parseStartTag()I @ 443

Classes redefined (0 events):
No events

Internal exceptions (41 events):
Event: 0.026 Thread 0x0000000002e18000 Exception <a 'java/lang/NoSuchMethodError': Method sun.misc.Unsafe.defineClass(Ljava/lang/String;[BII)Ljava/lang/Class; name or signature does not match> (0x00000000d5907cb8) thrown at [D:\a\1\s\lookaside\java-1.8.0-openjdk\hotspot\src\share\vm\prims\jni.
Event: 0.026 Thread 0x0000000002e18000 Exception <a 'java/lang/NoSuchMethodError': Method sun.misc.Unsafe.prefetchRead(Ljava/lang/Object;J)V name or signature does not match> (0x00000000d5907fa0) thrown at [D:\a\1\s\lookaside\java-1.8.0-openjdk\hotspot\src\share\vm\prims\jni.cpp, line 4014]
Event: 0.168 Thread 0x0000000002e18000 Exception <a 'java/security/PrivilegedActionException'> (0x00000000d5cc7710) thrown at [D:\a\1\s\lookaside\java-1.8.0-openjdk\hotspot\src\share\vm\prims\jvm.cpp, line 1501]
Event: 0.168 Thread 0x0000000002e18000 Exception <a 'java/security/PrivilegedActionException'> (0x00000000d5cc7b08) thrown at [D:\a\1\s\lookaside\java-1.8.0-openjdk\hotspot\src\share\vm\prims\jvm.cpp, line 1501]
Event: 0.169 Thread 0x0000000002e18000 Exception <a 'java/security/PrivilegedActionException'> (0x00000000d5ccbe28) thrown at [D:\a\1\s\lookaside\java-1.8.0-openjdk\hotspot\src\share\vm\prims\jvm.cpp, line 1501]
Event: 0.169 Thread 0x0000000002e18000 Exception <a 'java/security/PrivilegedActionException'> (0x00000000d5ccc220) thrown at [D:\a\1\s\lookaside\java-1.8.0-openjdk\hotspot\src\share\vm\prims\jvm.cpp, line 1501]
Event: 0.169 Thread 0x0000000002e18000 Exception <a 'java/security/PrivilegedActionException'> (0x00000000d5ccdac8) thrown at [D:\a\1\s\lookaside\java-1.8.0-openjdk\hotspot\src\share\vm\prims\jvm.cpp, line 1501]
Event: 0.169 Thread 0x0000000002e18000 Exception <a 'java/security/PrivilegedActionException'> (0x00000000d5ccdec0) thrown at [D:\a\1\s\lookaside\java-1.8.0-openjdk\hotspot\src\share\vm\prims\jvm.cpp, line 1501]
Event: 0.416 Thread 0x0000000002e18000 Exception <a 'java/lang/ArrayIndexOutOfBoundsException'> (0x00000000d69fd480) thrown at [D:\a\1\s\lookaside\java-1.8.0-openjdk\hotspot\src\share\vm\runtime\sharedRuntime.cpp, line 615]
Event: 0.417 Thread 0x0000000002e18000 Exception <a 'java/lang/ArrayIndexOutOfBoundsException'> (0x00000000d6a070c8) thrown at [D:\a\1\s\lookaside\java-1.8.0-openjdk\hotspot\src\share\vm\runtime\sharedRuntime.cpp, line 615]
Event: 0.424 Thread 0x0000000002e18000 Exception <a 'java/lang/ArrayIndexOutOfBoundsException'> (0x00000000d6a5f8a0) thrown at [D:\a\1\s\lookaside\java-1.8.0-openjdk\hotspot\src\share\vm\runtime\sharedRuntime.cpp, line 615]
Event: 0.426 Thread 0x0000000002e18000 Exception <a 'java/lang/ArrayIndexOutOfBoundsException'> (0x00000000d6a6bf98) thrown at [D:\a\1\s\lookaside\java-1.8.0-openjdk\hotspot\src\share\vm\runtime\sharedRuntime.cpp, line 615]
Event: 0.426 Thread 0x0000000002e18000 Exception <a 'java/lang/ArrayIndexOutOfBoundsException'> (0x00000000d6a6cfb0) thrown at [D:\a\1\s\lookaside\java-1.8.0-openjdk\hotspot\src\share\vm\runtime\sharedRuntime.cpp, line 615]
Event: 0.427 Thread 0x0000000002e18000 Exception <a 'java/lang/ArrayIndexOutOfBoundsException'> (0x00000000d6a75cd8) thrown at [D:\a\1\s\lookaside\java-1.8.0-openjdk\hotspot\src\share\vm\runtime\sharedRuntime.cpp, line 615]
Event: 0.427 Thread 0x0000000002e18000 Exception <a 'java/lang/ArrayIndexOutOfBoundsException'> (0x00000000d6a76ab0) thrown at [D:\a\1\s\lookaside\java-1.8.0-openjdk\hotspot\src\share\vm\runtime\sharedRuntime.cpp, line 615]
Event: 0.427 Thread 0x0000000002e18000 Exception <a 'java/lang/ArrayIndexOutOfBoundsException'> (0x00000000d6a78150) thrown at [D:\a\1\s\lookaside\java-1.8.0-openjdk\hotspot\src\share\vm\runtime\sharedRuntime.cpp, line 615]
Event: 0.427 Thread 0x0000000002e18000 Exception <a 'java/lang/ArrayIndexOutOfBoundsException'> (0x00000000d6a79e68) thrown at [D:\a\1\s\lookaside\java-1.8.0-openjdk\hotspot\src\share\vm\runtime\sharedRuntime.cpp, line 615]
Event: 0.427 Thread 0x0000000002e18000 Exception <a 'java/lang/ArrayIndexOutOfBoundsException'> (0x00000000d6a7b558) thrown at [D:\a\1\s\lookaside\java-1.8.0-openjdk\hotspot\src\share\vm\runtime\sharedRuntime.cpp, line 615]
Event: 0.427 Thread 0x0000000002e18000 Exception <a 'java/lang/ArrayIndexOutOfBoundsException'> (0x00000000d6a7cb60) thrown at [D:\a\1\s\lookaside\java-1.8.0-openjdk\hotspot\src\share\vm\runtime\sharedRuntime.cpp, line 615]
Event: 0.427 Thread 0x0000000002e18000 Exception <a 'java/lang/ArrayIndexOutOfBoundsException'> (0x00000000d6a7e5e8) thrown at [D:\a\1\s\lookaside\java-1.8.0-openjdk\hotspot\src\share\vm\runtime\sharedRuntime.cpp, line 615]
Event: 0.428 Thread 0x0000000002e18000 Exception <a 'java/lang/ArrayIndexOutOfBoundsException'> (0x00000000d6a7f428) thrown at [D:\a\1\s\lookaside\java-1.8.0-openjdk\hotspot\src\share\vm\runtime\sharedRuntime.cpp, line 615]
Event: 0.428 Thread 0x0000000002e18000 Exception <a 'java/lang/ArrayIndexOutOfBoundsException'> (0x00000000d6a877b0) thrown at [D:\a\1\s\lookaside\java-1.8.0-openjdk\hotspot\src\share\vm\runtime\sharedRuntime.cpp, line 615]
Event: 0.429 Thread 0x0000000002e18000 Exception <a 'java/lang/ArrayIndexOutOfBoundsException'> (0x00000000d6a89578) thrown at [D:\a\1\s\lookaside\java-1.8.0-openjdk\hotspot\src\share\vm\runtime\sharedRuntime.cpp, line 615]
Event: 0.429 Thread 0x0000000002e18000 Exception <a 'java/lang/ArrayIndexOutOfBoundsException'> (0x00000000d6a8b170) thrown at [D:\a\1\s\lookaside\java-1.8.0-openjdk\hotspot\src\share\vm\runtime\sharedRuntime.cpp, line 615]
Event: 0.429 Thread 0x0000000002e18000 Exception <a 'java/lang/ArrayIndexOutOfBoundsException'> (0x00000000d6a8bf60) thrown at [D:\a\1\s\lookaside\java-1.8.0-openjdk\hotspot\src\share\vm\runtime\sharedRuntime.cpp, line 615]
Event: 0.429 Thread 0x0000000002e18000 Exception <a 'java/lang/ArrayIndexOutOfBoundsException'> (0x00000000d6a8cdd0) thrown at [D:\a\1\s\lookaside\java-1.8.0-openjdk\hotspot\src\share\vm\runtime\sharedRuntime.cpp, line 615]
Event: 0.429 Thread 0x0000000002e18000 Exception <a 'java/lang/ArrayIndexOutOfBoundsException'> (0x00000000d6a8e2d0) thrown at [D:\a\1\s\lookaside\java-1.8.0-openjdk\hotspot\src\share\vm\runtime\sharedRuntime.cpp, line 615]
Event: 0.429 Thread 0x0000000002e18000 Exception <a 'java/lang/ArrayIndexOutOfBoundsException'> (0x00000000d6a8ff08) thrown at [D:\a\1\s\lookaside\java-1.8.0-openjdk\hotspot\src\share\vm\runtime\sharedRuntime.cpp, line 615]
Event: 0.429 Thread 0x0000000002e18000 Exception <a 'java/lang/ArrayIndexOutOfBoundsException'> (0x00000000d6a91648) thrown at [D:\a\1\s\lookaside\java-1.8.0-openjdk\hotspot\src\share\vm\runtime\sharedRuntime.cpp, line 615]
Event: 0.429 Thread 0x0000000002e18000 Exception <a 'java/lang/ArrayIndexOutOfBoundsException': 24> (0x00000000d6a92390) thrown at [D:\a\1\s\lookaside\java-1.8.0-openjdk\hotspot\src\share\vm\interpreter\interpreterRuntime.cpp, line 371]
Event: 0.522 Thread 0x0000000002e18000 Exception <a 'java/lang/ArrayIndexOutOfBoundsException'> (0x00000000d7770cd8) thrown at [D:\a\1\s\lookaside\java-1.8.0-openjdk\hotspot\src\share\vm\runtime\sharedRuntime.cpp, line 615]
Event: 0.522 Thread 0x0000000002e18000 Exception <a 'java/lang/ArrayIndexOutOfBoundsException'> (0x00000000d7772680) thrown at [D:\a\1\s\lookaside\java-1.8.0-openjdk\hotspot\src\share\vm\runtime\sharedRuntime.cpp, line 615]
Event: 0.952 Thread 0x0000000002e18000 Exception <a 'java/lang/NoClassDefFoundError': com/google/inject/servlet/ServletModuleTargetVisitor> (0x00000000d59e66c8) thrown at [D:\a\1\s\lookaside\java-1.8.0-openjdk\hotspot\src\share\vm\classfile\systemDictionary.cpp, line 199]
Event: 0.952 Thread 0x0000000002e18000 Exception <a 'java/lang/NoClassDefFoundError'> (0x00000000d59e66c8) thrown at [D:\a\1\s\lookaside\java-1.8.0-openjdk\hotspot\src\share\vm\prims\jvm.cpp, line 1505]
Event: 0.952 Thread 0x0000000002e18000 Exception <a 'java/lang/NoClassDefFoundError': javax/annotation/Priority> (0x00000000d59eb068) thrown at [D:\a\1\s\lookaside\java-1.8.0-openjdk\hotspot\src\share\vm\classfile\systemDictionary.cpp, line 199]
Event: 1.104 Thread 0x0000000002e18000 Exception <a 'java/lang/NullPointerException'> (0x00000000d6266530) thrown at [D:\a\1\s\lookaside\java-1.8.0-openjdk\hotspot\src\share\vm\interpreter\linkResolver.cpp, line 1185]
Event: 1.104 Thread 0x0000000002e18000 Exception <a 'java/lang/NullPointerException'> (0x00000000d6266748) thrown at [D:\a\1\s\lookaside\java-1.8.0-openjdk\hotspot\src\share\vm\interpreter\linkResolver.cpp, line 1185]
Event: 1.104 Thread 0x0000000002e18000 Exception <a 'java/lang/NullPointerException'> (0x00000000d6266960) thrown at [D:\a\1\s\lookaside\java-1.8.0-openjdk\hotspot\src\share\vm\interpreter\linkResolver.cpp, line 1185]
Event: 1.105 Thread 0x0000000002e18000 Exception <a 'java/lang/NullPointerException'> (0x00000000d6276d70) thrown at [D:\a\1\s\lookaside\java-1.8.0-openjdk\hotspot\src\share\vm\interpreter\linkResolver.cpp, line 1185]
Event: 1.105 Thread 0x0000000002e18000 Exception <a 'java/lang/NullPointerException'> (0x00000000d6276f88) thrown at [D:\a\1\s\lookaside\java-1.8.0-openjdk\hotspot\src\share\vm\interpreter\linkResolver.cpp, line 1185]
Event: 1.105 Thread 0x0000000002e18000 Exception <a 'java/lang/NullPointerException'> (0x00000000d62771a0) thrown at [D:\a\1\s\lookaside\java-1.8.0-openjdk\hotspot\src\share\vm\interpreter\linkResolver.cpp, line 1185]

Events (250 events):
Event: 1.064 loading class org/apache/maven/settings/building/SettingsBuilder done
Event: 1.064 loading class org/eclipse/sisu/plexus/PlexusLifecycleManager$1
Event: 1.064 loading class org/eclipse/sisu/plexus/PlexusLifecycleManager$1 done
Event: 1.065 loading class org/apache/maven/settings/building/DefaultSettingsBuilder
Event: 1.065 loading class org/apache/maven/settings/building/DefaultSettingsBuilder done
Event: 1.065 loading class org/apache/maven/settings/building/DefaultSettingsBuilder
Event: 1.065 loading class org/apache/maven/settings/building/DefaultSettingsBuilder done
Event: 1.065 loading class org/apache/maven/settings/building/DefaultSettingsBuilder
Event: 1.065 loading class org/apache/maven/settings/building/DefaultSettingsBuilder done
Event: 1.065 loading class org/apache/maven/settings/validation/SettingsValidator
Event: 1.065 loading class org/apache/maven/settings/validation/SettingsValidator done
Event: 1.065 loading class org/apache/maven/settings/io/SettingsWriter
Event: 1.065 loading class org/apache/maven/settings/io/SettingsWriter done
Event: 1.065 loading class org/apache/maven/settings/io/SettingsReader
Event: 1.065 loading class org/apache/maven/settings/io/SettingsReader done
Event: 1.066 loading class org/apache/maven/settings/io/DefaultSettingsReader
Event: 1.066 loading class org/apache/maven/settings/io/DefaultSettingsReader done
Event: 1.066 loading class org/apache/maven/settings/io/DefaultSettingsReader
Event: 1.066 loading class org/apache/maven/settings/io/DefaultSettingsReader done
Event: 1.066 loading class org/apache/maven/settings/io/DefaultSettingsReader
Event: 1.066 loading class org/apache/maven/settings/io/DefaultSettingsReader done
Event: 1.066 loading class org/apache/maven/settings/io/DefaultSettingsWriter
Event: 1.066 loading class org/apache/maven/settings/io/DefaultSettingsWriter done
Event: 1.066 loading class org/apache/maven/settings/io/DefaultSettingsWriter
Event: 1.066 loading class org/apache/maven/settings/io/DefaultSettingsWriter done
Event: 1.066 loading class org/apache/maven/settings/io/DefaultSettingsWriter
Event: 1.066 loading class org/apache/maven/settings/io/DefaultSettingsWriter done
Event: 1.067 loading class org/apache/maven/settings/validation/DefaultSettingsValidator
Event: 1.067 loading class org/apache/maven/settings/validation/DefaultSettingsValidator done
Event: 1.067 loading class org/apache/maven/settings/validation/DefaultSettingsValidator
Event: 1.067 loading class org/apache/maven/settings/validation/DefaultSettingsValidator done
Event: 1.067 loading class org/apache/maven/settings/validation/DefaultSettingsValidator
Event: 1.067 loading class org/apache/maven/settings/validation/DefaultSettingsValidator done
Event: 1.067 loading class org/apache/maven/settings/building/DefaultSettingsBuildingRequest
Event: 1.067 loading class org/apache/maven/settings/building/DefaultSettingsBuildingRequest done
Event: 1.068 loading class org/apache/maven/execution/ExecutionEvent
Event: 1.068 loading class org/apache/maven/execution/ExecutionEvent done
Event: 1.068 loading class org/apache/maven/building/FileSource
Event: 1.068 loading class org/apache/maven/building/FileSource done
Event: 1.068 loading class java/util/Collections$SingletonMap
Event: 1.068 loading class java/util/Collections$SingletonMap done
Event: 1.069 loading class org/apache/maven/settings/io/xpp3/SettingsXpp3Reader
Event: 1.069 loading class org/apache/maven/settings/io/xpp3/SettingsXpp3Reader done
Event: 1.069 loading class org/apache/maven/settings/io/xpp3/SettingsXpp3Reader$ContentTransformer
Event: 1.069 loading class org/apache/maven/settings/io/xpp3/SettingsXpp3Reader$ContentTransformer done
Event: 1.070 loading class org/apache/maven/settings/io/xpp3/SettingsXpp3Reader$1
Event: 1.070 loading class org/apache/maven/settings/io/xpp3/SettingsXpp3Reader$1 done
Event: 1.071 loading class org/codehaus/plexus/util/xml/pull/EntityReplacementMap
Event: 1.071 loading class org/codehaus/plexus/util/xml/pull/EntityReplacementMap done
Event: 1.073 Thread 0x0000000002e18000 Uncommon trap: trap_request=0xffffff65 fr.pc=0x00000000031d3200
Event: 1.073 Thread 0x0000000002e18000 DEOPT PACKING pc=0x00000000031d3200 sp=0x0000000002dce660
Event: 1.073 Thread 0x0000000002e18000 DEOPT UNPACKING pc=0x0000000002f1807b sp=0x0000000002dce618 mode 2
Event: 1.074 loading class org/apache/maven/settings/io/xpp3/SettingsXpp3Writer
Event: 1.074 loading class org/apache/maven/settings/io/xpp3/SettingsXpp3Writer done
Event: 1.074 loading class org/codehaus/plexus/util/xml/pull/XmlSerializer
Event: 1.074 loading class org/codehaus/plexus/util/xml/pull/XmlSerializer done
Event: 1.075 loading class org/codehaus/plexus/util/xml/pull/MXSerializer
Event: 1.075 loading class org/codehaus/plexus/util/xml/pull/MXSerializer done
Event: 1.077 loading class org/codehaus/plexus/interpolation/RegexBasedInterpolator
Event: 1.077 loading class org/codehaus/plexus/interpolation/RegexBasedInterpolator done
Event: 1.078 loading class org/codehaus/plexus/interpolation/PropertiesBasedValueSource
Event: 1.078 loading class org/codehaus/plexus/interpolation/PropertiesBasedValueSource done
Event: 1.078 loading class org/codehaus/plexus/interpolation/AbstractValueSource
Event: 1.078 loading class org/codehaus/plexus/interpolation/AbstractValueSource done
Event: 1.079 loading class org/codehaus/plexus/interpolation/EnvarBasedValueSource
Event: 1.079 loading class org/codehaus/plexus/interpolation/EnvarBasedValueSource done
Event: 1.079 loading class org/codehaus/plexus/interpolation/os/OperatingSystemUtils
Event: 1.079 loading class org/codehaus/plexus/interpolation/os/OperatingSystemUtils done
Event: 1.079 loading class java/lang/ProcessEnvironment$CheckedKeySet
Event: 1.079 loading class java/lang/ProcessEnvironment$CheckedKeySet done
Event: 1.079 loading class org/apache/maven/settings/building/DefaultSettingsBuilder$1
Event: 1.079 loading class org/apache/maven/settings/building/DefaultSettingsBuilder$1 done
Event: 1.080 loading class org/codehaus/plexus/interpolation/SimpleRecursionInterceptor
Event: 1.080 loading class org/codehaus/plexus/interpolation/SimpleRecursionInterceptor done
Event: 1.080 loading class org/apache/maven/settings/building/DefaultSettingsBuildingResult
Event: 1.080 loading class org/apache/maven/settings/building/DefaultSettingsBuildingResult done
Event: 1.080 loading class org/apache/maven/toolchain/building/DefaultToolchainsBuildingRequest
Event: 1.080 loading class org/apache/maven/toolchain/building/DefaultToolchainsBuildingRequest done
Event: 1.081 loading class org/apache/maven/building/ProblemCollectorFactory
Event: 1.081 loading class org/apache/maven/building/ProblemCollectorFactory done
Event: 1.081 loading class org/apache/maven/building/DefaultProblemCollector
Event: 1.081 loading class org/apache/maven/building/DefaultProblemCollector done
Event: 1.082 loading class org/apache/maven/toolchain/model/io/xpp3/MavenToolchainsXpp3Reader
Event: 1.082 loading class org/apache/maven/toolchain/model/io/xpp3/MavenToolchainsXpp3Reader done
Event: 1.082 loading class org/apache/maven/toolchain/model/io/xpp3/MavenToolchainsXpp3Reader$ContentTransformer
Event: 1.082 loading class org/apache/maven/toolchain/model/io/xpp3/MavenToolchainsXpp3Reader$ContentTransformer done
Event: 1.083 loading class org/apache/maven/toolchain/model/io/xpp3/MavenToolchainsXpp3Reader$1
Event: 1.083 loading class org/apache/maven/toolchain/model/io/xpp3/MavenToolchainsXpp3Reader$1 done
Event: 1.084 loading class org/apache/maven/toolchain/building/DefaultToolchainsBuildingResult
Event: 1.084 loading class org/apache/maven/toolchain/building/DefaultToolchainsBuildingResult done
Event: 1.084 loading class org/apache/maven/cli/transfer/ConsoleMavenTransferListener
Event: 1.084 loading class org/apache/maven/cli/transfer/ConsoleMavenTransferListener done
Event: 1.084 loading class org/apache/maven/cli/transfer/AbstractMavenTransferListener
Event: 1.084 loading class org/apache/maven/cli/transfer/AbstractMavenTransferListener done
Event: 1.085 loading class org/eclipse/aether/transfer/AbstractTransferListener
Event: 1.085 loading class org/eclipse/aether/transfer/AbstractTransferListener done
Event: 1.085 loading class org/apache/maven/cli/event/ExecutionEventLogger
Event: 1.085 loading class org/apache/maven/cli/event/ExecutionEventLogger done
Event: 1.085 loading class org/apache/maven/execution/AbstractExecutionListener
Event: 1.085 loading class org/apache/maven/execution/AbstractExecutionListener done
Event: 1.086 loading class org/apache/maven/eventspy/internal/EventSpyExecutionListener
Event: 1.086 loading class org/apache/maven/eventspy/internal/EventSpyExecutionListener done
Event: 1.087 loading class org/apache/maven/artifact/repository/layout/DefaultRepositoryLayout
Event: 1.087 loading class org/apache/maven/artifact/repository/layout/DefaultRepositoryLayout done
Event: 1.087 loading class org/apache/maven/artifact/repository/layout/DefaultRepositoryLayout
Event: 1.087 loading class org/apache/maven/artifact/repository/layout/DefaultRepositoryLayout done
Event: 1.087 loading class org/apache/maven/artifact/repository/layout/FlatRepositoryLayout
Event: 1.087 loading class org/apache/maven/artifact/repository/layout/FlatRepositoryLayout done
Event: 1.087 loading class org/apache/maven/artifact/repository/layout/FlatRepositoryLayout
Event: 1.087 loading class org/apache/maven/artifact/repository/layout/FlatRepositoryLayout done
Event: 1.088 loading class org/apache/maven/artifact/repository/layout/DefaultRepositoryLayout
Event: 1.088 loading class org/apache/maven/artifact/repository/layout/DefaultRepositoryLayout done
Event: 1.088 loading class org/apache/maven/artifact/repository/layout/ArtifactRepositoryLayout2
Event: 1.088 loading class org/apache/maven/artifact/repository/layout/ArtifactRepositoryLayout2 done
Event: 1.088 loading class org/apache/maven/artifact/repository/MavenArtifactRepository
Event: 1.088 loading class org/apache/maven/artifact/repository/MavenArtifactRepository done
Event: 1.089 loading class org/apache/maven/execution/DefaultMavenExecutionResult
Event: 1.089 loading class org/apache/maven/execution/DefaultMavenExecutionResult done
Event: 1.090 loading class java/util/Collections$SynchronizedMap
Event: 1.090 loading class java/util/Collections$SynchronizedMap done
Event: 1.090 loading class org/apache/maven/repository/internal/MavenRepositorySystemUtils
Event: 1.090 loading class org/apache/maven/repository/internal/MavenRepositorySystemUtils done
Event: 1.091 loading class org/eclipse/aether/util/graph/transformer/ConflictResolver$ScopeDeriver
Event: 1.091 loading class org/eclipse/aether/util/graph/transformer/ConflictResolver$ScopeDeriver done
Event: 1.091 loading class org/eclipse/aether/util/graph/transformer/JavaScopeDeriver
Event: 1.091 loading class org/eclipse/aether/util/graph/transformer/JavaScopeDeriver done
Event: 1.091 loading class org/eclipse/aether/util/graph/transformer/ConflictResolver$OptionalitySelector
Event: 1.091 loading class org/eclipse/aether/util/graph/transformer/ConflictResolver$OptionalitySelector done
Event: 1.091 loading class org/eclipse/aether/util/graph/transformer/SimpleOptionalitySelector
Event: 1.091 loading class org/eclipse/aether/util/graph/transformer/SimpleOptionalitySelector done
Event: 1.091 loading class org/eclipse/aether/util/graph/transformer/ConflictResolver$ScopeSelector
Event: 1.091 loading class org/eclipse/aether/util/graph/transformer/ConflictResolver$ScopeSelector done
Event: 1.091 loading class org/eclipse/aether/util/graph/transformer/JavaScopeSelector
Event: 1.091 loading class org/eclipse/aether/util/graph/transformer/JavaScopeSelector done
Event: 1.092 loading class org/eclipse/aether/util/graph/transformer/ConflictResolver$VersionSelector
Event: 1.092 loading class org/eclipse/aether/util/graph/transformer/ConflictResolver$VersionSelector done
Event: 1.092 loading class org/eclipse/aether/util/graph/transformer/NearestVersionSelector
Event: 1.092 loading class org/eclipse/aether/util/graph/transformer/NearestVersionSelector done
Event: 1.092 loading class org/eclipse/aether/artifact/ArtifactType
Event: 1.092 loading class org/eclipse/aether/artifact/ArtifactType done
Event: 1.092 loading class org/eclipse/aether/artifact/ArtifactTypeRegistry
Event: 1.092 loading class org/eclipse/aether/artifact/ArtifactTypeRegistry done
Event: 1.092 loading class org/eclipse/aether/SessionData
Event: 1.092 loading class org/eclipse/aether/SessionData done
Event: 1.093 loading class org/eclipse/aether/DefaultRepositorySystemSession$NullMirrorSelector
Event: 1.093 loading class org/eclipse/aether/DefaultRepositorySystemSession$NullMirrorSelector done
Event: 1.093 loading class org/eclipse/aether/DefaultRepositorySystemSession$NullProxySelector
Event: 1.093 loading class org/eclipse/aether/DefaultRepositorySystemSession$NullProxySelector done
Event: 1.093 loading class org/eclipse/aether/DefaultRepositorySystemSession$NullAuthenticationSelector
Event: 1.093 loading class org/eclipse/aether/DefaultRepositorySystemSession$NullAuthenticationSelector done
Event: 1.094 loading class org/eclipse/aether/DefaultRepositorySystemSession$NullArtifactTypeRegistry
Event: 1.094 loading class org/eclipse/aether/DefaultRepositorySystemSession$NullArtifactTypeRegistry done
Event: 1.094 loading class org/eclipse/aether/DefaultSessionData
Event: 1.094 loading class org/eclipse/aether/DefaultSessionData done
Event: 1.094 loading class org/eclipse/aether/util/graph/traverser/FatArtifactTraverser
Event: 1.094 loading class org/eclipse/aether/util/graph/traverser/FatArtifactTraverser done
Event: 1.094 loading class org/eclipse/aether/util/graph/manager/ClassicDependencyManager
Event: 1.094 loading class org/eclipse/aether/util/graph/manager/ClassicDependencyManager done
Event: 1.095 loading class org/eclipse/aether/util/graph/selector/AndDependencySelector
Event: 1.095 loading class org/eclipse/aether/util/graph/selector/AndDependencySelector done
Event: 1.095 loading class org/eclipse/aether/util/graph/selector/ScopeDependencySelector
Event: 1.095 loading class org/eclipse/aether/util/graph/selector/ScopeDependencySelector done
Event: 1.096 loading class org/eclipse/aether/util/graph/selector/OptionalDependencySelector
Event: 1.096 loading class org/eclipse/aether/util/graph/selector/OptionalDependencySelector done
Event: 1.096 loading class org/eclipse/aether/util/graph/selector/ExclusionDependencySelector
Event: 1.096 loading class org/eclipse/aether/util/graph/selector/ExclusionDependencySelector done
Event: 1.096 loading class org/eclipse/aether/graph/Exclusion
Event: 1.096 loading class org/eclipse/aether/graph/Exclusion done
Event: 1.097 loading class org/eclipse/aether/util/graph/transformer/ConflictResolver
Event: 1.097 loading class org/eclipse/aether/util/graph/transformer/ConflictResolver done
Event: 1.098 loading class org/eclipse/aether/collection/UnsolvableVersionConflictException
Event: 1.098 loading class org/eclipse/aether/collection/UnsolvableVersionConflictException done
Event: 1.098 loading class org/eclipse/aether/util/graph/transformer/ChainedDependencyGraphTransformer
Event: 1.098 loading class org/eclipse/aether/util/graph/transformer/ChainedDependencyGraphTransformer done
Event: 1.098 loading class org/eclipse/aether/util/graph/transformer/JavaDependencyContextRefiner
Event: 1.098 loading class org/eclipse/aether/util/graph/transformer/JavaDependencyContextRefiner done
Event: 1.099 loading class org/eclipse/aether/util/artifact/DefaultArtifactTypeRegistry
Event: 1.099 loading class org/eclipse/aether/util/artifact/DefaultArtifactTypeRegistry done
Event: 1.099 loading class org/eclipse/aether/util/artifact/SimpleArtifactTypeRegistry
Event: 1.099 loading class org/eclipse/aether/util/artifact/SimpleArtifactTypeRegistry done
Event: 1.099 loading class org/eclipse/aether/artifact/DefaultArtifactType
Event: 1.099 loading class org/eclipse/aether/artifact/DefaultArtifactType done
Event: 1.100 loading class org/eclipse/aether/util/repository/SimpleArtifactDescriptorPolicy
Event: 1.100 loading class org/eclipse/aether/util/repository/SimpleArtifactDescriptorPolicy done
Event: 1.101 loading class org/eclipse/aether/util/repository/SimpleResolutionErrorPolicy
Event: 1.101 loading class org/eclipse/aether/util/repository/SimpleResolutionErrorPolicy done
Event: 1.101 loading class org/apache/maven/RepositoryUtils
Event: 1.101 loading class org/apache/maven/RepositoryUtils done
Event: 1.102 loading class org/apache/maven/RepositoryUtils$MavenArtifactTypeRegistry
Event: 1.102 loading class org/apache/maven/RepositoryUtils$MavenArtifactTypeRegistry done
Event: 1.102 loading class org/eclipse/aether/internal/impl/PrioritizedComponents
Event: 1.102 loading class org/eclipse/aether/internal/impl/PrioritizedComponents done
Event: 1.103 loading class org/eclipse/aether/util/ConfigUtils
Event: 1.103 loading class org/eclipse/aether/util/ConfigUtils done
Event: 1.103 loading class org/eclipse/sisu/wire/EntrySetAdapter$ValueIterator
Event: 1.103 loading class org/eclipse/sisu/wire/EntrySetAdapter$ValueIterator done
Event: 1.104 loading class org/eclipse/aether/internal/impl/PrioritizedComponent
Event: 1.104 loading class org/eclipse/aether/internal/impl/PrioritizedComponent done
Event: 1.105 loading class org/eclipse/aether/internal/impl/EnhancedLocalRepositoryManager
Event: 1.105 loading class org/eclipse/aether/internal/impl/EnhancedLocalRepositoryManager done
Event: 1.105 loading class java/util/ArrayList$SubList
Event: 1.105 loading class java/util/ArrayList$SubList done
Event: 1.105 loading class java/util/ArrayList$SubList$1
Event: 1.105 loading class java/util/ArrayList$SubList$1 done
Event: 1.106 loading class org/eclipse/aether/internal/impl/TrackingFileManager
Event: 1.106 loading class org/eclipse/aether/internal/impl/TrackingFileManager done
Event: 1.107 loading class java/nio/channels/OverlappingFileLockException
Event: 1.107 loading class java/nio/channels/OverlappingFileLockException done
Event: 1.107 loading class org/apache/maven/settings/crypto/DefaultSettingsDecryptionRequest
Event: 1.107 loading class org/apache/maven/settings/crypto/DefaultSettingsDecryptionRequest done
Event: 1.107 loading class org/apache/maven/settings/crypto/DefaultSettingsDecryptionResult
Event: 1.107 loading class org/apache/maven/settings/crypto/DefaultSettingsDecryptionResult done
Event: 1.107 loading class org/eclipse/aether/util/repository/DefaultMirrorSelector
Event: 1.107 loading class org/eclipse/aether/util/repository/DefaultMirrorSelector done
Event: 1.108 loading class org/eclipse/aether/util/repository/DefaultProxySelector
Event: 1.108 loading class org/eclipse/aether/util/repository/DefaultProxySelector done
Event: 1.108 loading class org/eclipse/aether/util/repository/DefaultAuthenticationSelector
Event: 1.108 loading class org/eclipse/aether/util/repository/DefaultAuthenticationSelector done
Event: 1.108 loading class org/apache/maven/internal/aether/LoggingRepositoryListener
Event: 1.108 loading class org/apache/maven/internal/aether/LoggingRepositoryListener done
Event: 1.109 loading class org/eclipse/aether/AbstractRepositoryListener
Event: 1.109 loading class org/eclipse/aether/AbstractRepositoryListener done
Event: 1.109 loading class org/apache/maven/eventspy/internal/EventSpyRepositoryListener
Event: 1.109 loading class org/apache/maven/eventspy/internal/EventSpyRepositoryListener done
Event: 1.110 loading class org/eclipse/aether/repository/RemoteRepository$Builder
Event: 1.110 loading class org/eclipse/aether/repository/RemoteRepository$Builder done
Event: 1.111 loading class java/util/regex/Pattern$Pos
Event: 1.111 loading class java/util/regex/Pattern$Pos done
Event: 1.111 loading class org/apache/maven/settings/RuntimeInfo
Event: 1.111 loading class org/apache/maven/settings/RuntimeInfo done
Event: 1.112 loading class org/apache/maven/AbstractMavenLifecycleParticipant
Event: 1.112 loading class org/apache/maven/AbstractMavenLifecycleParticipant done
Event: 1.112 loading class org/apache/maven/lifecycle/internal/DefaultExecutionEvent
Event: 1.112 loading class org/apache/maven/lifecycle/internal/DefaultExecutionEvent done
Event: 1.113 loading class org/apache/maven/lifecycle/internal/DefaultExecutionEventCatapult$1
Event: 1.113 loading class org/apache/maven/lifecycle/internal/DefaultExecutionEventCatapult$1 done
Event: 1.113 loading class org/netbeans/shaded/json/simple/JSONObject
Event: 1.113 loading class org/netbeans/shaded/json/simple/JSONObject done
Event: 1.113 loading class org/netbeans/shaded/json/simple/JSONAware
Event: 1.113 loading class org/netbeans/shaded/json/simple/JSONAware done
Event: 1.113 loading class org/netbeans/shaded/json/simple/JSONStreamAware
Event: 1.113 loading class org/netbeans/shaded/json/simple/JSONStreamAware done
Event: 1.114 loading class org/apache/maven/execution/ExecutionEvent$Type
Event: 1.114 loading class org/apache/maven/execution/ExecutionEvent$Type done
Event: 1.114 loading class org/netbeans/shaded/json/simple/JSONValue
Event: 1.114 loading class org/netbeans/shaded/json/simple/JSONValue done
Event: 1.114 loading class org/apache/maven/project/DefaultProjectBuildingRequest
Event: 1.114 loading class org/apache/maven/project/DefaultProjectBuildingRequest done
Event: 1.115 loading class org/apache/maven/project/ProjectBuildingRequest$RepositoryMerging
Event: 1.115 loading class org/apache/maven/project/ProjectBuildingRequest$RepositoryMerging done


Dynamic libraries:
0x00007ff689d00000 - 0x00007ff689d49000 	C:\Program Files\ojdkbuild\java-1.8.0-openjdk-1.8.0.232-1\bin\java.exe
0x00007ffdf9ba0000 - 0x00007ffdf9d90000 	C:\Windows\SYSTEM32\ntdll.dll
0x00007ffdf8b90000 - 0x00007ffdf8c42000 	C:\Windows\System32\KERNEL32.DLL
0x00007ffdf7590000 - 0x00007ffdf7833000 	C:\Windows\System32\KERNELBASE.dll
0x00007ffdf96a0000 - 0x00007ffdf9743000 	C:\Windows\System32\ADVAPI32.dll
0x00007ffdf9960000 - 0x00007ffdf99fe000 	C:\Windows\System32\msvcrt.dll
0x00007ffdf8af0000 - 0x00007ffdf8b87000 	C:\Windows\System32\sechost.dll
0x00007ffdf81a0000 - 0x00007ffdf82c0000 	C:\Windows\System32\RPCRT4.dll
0x00007ffdf8f90000 - 0x00007ffdf9124000 	C:\Windows\System32\USER32.dll
0x00007ffdf6b30000 - 0x00007ffdf6b51000 	C:\Windows\System32\win32u.dll
0x00007ffdf9130000 - 0x00007ffdf9156000 	C:\Windows\System32\GDI32.dll
0x00007ffdf73a0000 - 0x00007ffdf7534000 	C:\Windows\System32\gdi32full.dll
0x00007ffdf72e0000 - 0x00007ffdf737e000 	C:\Windows\System32\msvcp_win.dll
0x00007ffdf78a0000 - 0x00007ffdf799a000 	C:\Windows\System32\ucrtbase.dll
0x00007ffde3a80000 - 0x00007ffde3d05000 	C:\Windows\WinSxS\amd64_microsoft.windows.common-controls_6595b64144ccf1df_6.0.18362.476_none_e6c4b11b130f2595\COMCTL32.dll
0x00007ffdf7c50000 - 0x00007ffdf7f86000 	C:\Windows\System32\combase.dll
0x00007ffdf7ba0000 - 0x00007ffdf7c20000 	C:\Windows\System32\bcryptPrimitives.dll
0x00007ffdf9750000 - 0x00007ffdf977e000 	C:\Windows\System32\IMM32.DLL
0x000000006a500000 - 0x000000006a5d2000 	C:\Program Files\ojdkbuild\java-1.8.0-openjdk-1.8.0.232-1\jre\bin\msvcr100.dll
0x000000006a5e0000 - 0x000000006ae9b000 	C:\Program Files\ojdkbuild\java-1.8.0-openjdk-1.8.0.232-1\jre\bin\server\jvm.dll
0x00007ffdf8d80000 - 0x00007ffdf8d88000 	C:\Windows\System32\PSAPI.DLL
0x00007ffdde540000 - 0x00007ffdde549000 	C:\Windows\SYSTEM32\WSOCK32.dll
0x00007ffdf4b10000 - 0x00007ffdf4b34000 	C:\Windows\SYSTEM32\WINMM.dll
0x00007ffdf2570000 - 0x00007ffdf257a000 	C:\Windows\SYSTEM32\VERSION.dll
0x00007ffdf9ad0000 - 0x00007ffdf9b3f000 	C:\Windows\System32\WS2_32.dll
0x00007ffdf4ae0000 - 0x00007ffdf4b0d000 	C:\Windows\SYSTEM32\winmmbase.dll
0x00007ffdf7540000 - 0x00007ffdf758a000 	C:\Windows\System32\cfgmgr32.dll
0x00007ffdd5630000 - 0x00007ffdd563f000 	C:\Program Files\ojdkbuild\java-1.8.0-openjdk-1.8.0.232-1\jre\bin\verify.dll
0x00007ffdc5b20000 - 0x00007ffdc5b49000 	C:\Program Files\ojdkbuild\java-1.8.0-openjdk-1.8.0.232-1\jre\bin\java.dll
0x00007ffdcbce0000 - 0x00007ffdcbcf6000 	C:\Program Files\ojdkbuild\java-1.8.0-openjdk-1.8.0.232-1\jre\bin\zip.dll
0x00007ffdf8400000 - 0x00007ffdf8ae5000 	C:\Windows\System32\SHELL32.dll
0x00007ffdf8ee0000 - 0x00007ffdf8f89000 	C:\Windows\System32\shcore.dll
0x00007ffdf6b60000 - 0x00007ffdf72de000 	C:\Windows\System32\windows.storage.dll
0x00007ffdf6af0000 - 0x00007ffdf6b0f000 	C:\Windows\System32\profapi.dll
0x00007ffdf6a80000 - 0x00007ffdf6aca000 	C:\Windows\System32\powrprof.dll
0x00007ffdf6a70000 - 0x00007ffdf6a80000 	C:\Windows\System32\UMPDC.dll
0x00007ffdf91d0000 - 0x00007ffdf9222000 	C:\Windows\System32\shlwapi.dll
0x00007ffdf6b10000 - 0x00007ffdf6b21000 	C:\Windows\System32\kernel.appcore.dll
0x00007ffdf7380000 - 0x00007ffdf7397000 	C:\Windows\System32\cryptsp.dll

VM Arguments:
jvm_args: -Dclassworlds.conf=C:\Program Files (x86)\NetBeans-11.2\netbeans\java\maven\bin\m2.conf -Dmaven.home=C:\Program Files (x86)\NetBeans-11.2\netbeans\java\maven -Dmaven.multiModuleProjectDirectory=C:\Users\MB-207\Documents\NetBeansProjects\SpringData1114_PSI 
java_command: org.codehaus.plexus.classworlds.launcher.Launcher -Dmaven.ext.class.path=C:\Program Files (x86)\NetBeans-11.2\netbeans\java\maven-nblib\netbeans-eventspy.jar -Dfile.encoding=UTF-8 clean
java_class_path (initial): C:\Program Files (x86)\NetBeans-11.2\netbeans\java\maven\boot\plexus-classworlds-2.5.2.jar
Launcher Type: SUN_STANDARD

Environment Variables:
JAVA_HOME=C:\Program Files\ojdkbuild\java-1.8.0-openjdk-1.8.0.232-1
PATH=C:\Program Files\AdoptOpenJDK\jre-11.0.5.10-hotspot\bin;C:\Program Files (x86)\AdoptOpenJDK\jre-8.0.232.09-hotspot\bin;C:\Windows\system32;C:\Windows;C:\Windows\System32\Wbem;C:\Windows\System32\WindowsPowerShell\v1.0\;C:\Windows\System32\OpenSSH\;C:\Program Files\ojdkbuild\java-1.8.0-openjdk-1.8.0.232-1\bin;C:\Program Files\ojdkbuild\java-1.8.0-openjdk-1.8.0.232-1\jre\bin;C:\Users\MB-207\AppData\Local\Microsoft\WindowsApps;
USERNAME=MB-study
OS=Windows_NT
PROCESSOR_IDENTIFIER=Intel64 Family 6 Model 42 Stepping 7, GenuineIntel



---------------  S Y S T E M  ---------------

OS: Windows 10.0 , 64 bit Build 18362 (10.0.18362.329)

CPU:total 4 (initial active 4) (4 cores per cpu, 1 threads per core) family 6 model 42 stepping 7, cmov, cx8, fxsr, mmx, sse, sse2, sse3, ssse3, sse4.1, sse4.2, popcnt, avx, aes, clmul, tsc, tscinvbit

Memory: 4k page, physical 8345568k(861980k free), swap 8345568k(5504k free)

vm_info: OpenJDK 64-Bit Server VM (25.232-b09) for windows-amd64 JRE (1.8.0_232-b09), built on Oct 20 2019 21:49:19 by "VssAdministrator" with MS VC++ 10.0 (VS2010)

time: Sat Jan 09 17:31:43 2021
timezone: x_
elapsed time: 1 seconds (0d 0h 0m 1s)

